CRITICAL - 2025-04-21 02:39:38 --> ErrorException: Constant expression contains invalid operations
[Method: GET, Route: login]
in APPPATH/Config/Database.php on line 54.
 1 [internal function]: CodeIgniter\Debug\Exceptions->shutdownHandler()
CRITICAL - 2025-04-21 02:39:39 --> ErrorException: Constant expression contains invalid operations
[Method: GET, Route: login]
in APPPATH/Config/Database.php on line 54.
 1 [internal function]: CodeIgniter\Debug\Exceptions->shutdownHandler()
CRITICAL - 2025-04-21 02:39:39 --> ErrorException: Constant expression contains invalid operations
[Method: GET, Route: login]
in APPPATH/Config/Database.php on line 54.
 1 [internal function]: CodeIgniter\Debug\Exceptions->shutdownHandler()
CRITICAL - 2025-04-21 02:39:40 --> ErrorException: Constant expression contains invalid operations
[Method: GET, Route: login]
in APPPATH/Config/Database.php on line 54.
 1 [internal function]: CodeIgniter\Debug\Exceptions->shutdownHandler()
CRITICAL - 2025-04-21 02:39:40 --> ErrorException: Constant expression contains invalid operations
[Method: GET, Route: login]
in APPPATH/Config/Database.php on line 54.
 1 [internal function]: CodeIgniter\Debug\Exceptions->shutdownHandler()
CRITICAL - 2025-04-21 02:39:40 --> ErrorException: Constant expression contains invalid operations
[Method: GET, Route: login]
in APPPATH/Config/Database.php on line 54.
 1 [internal function]: CodeIgniter\Debug\Exceptions->shutdownHandler()
CRITICAL - 2025-04-21 02:39:40 --> ErrorException: Constant expression contains invalid operations
[Method: GET, Route: login]
in APPPATH/Config/Database.php on line 54.
 1 [internal function]: CodeIgniter\Debug\Exceptions->shutdownHandler()
CRITICAL - 2025-04-21 02:39:40 --> ErrorException: Constant expression contains invalid operations
[Method: GET, Route: login]
in APPPATH/Config/Database.php on line 54.
 1 [internal function]: CodeIgniter\Debug\Exceptions->shutdownHandler()
CRITICAL - 2025-04-21 02:39:42 --> ErrorException: Constant expression contains invalid operations
[Method: GET, Route: login]
in APPPATH/Config/Database.php on line 54.
 1 [internal function]: CodeIgniter\Debug\Exceptions->shutdownHandler()
CRITICAL - 2025-04-21 02:41:39 --> ErrorException: Constant expression contains invalid operations
[Method: GET, Route: login]
in APPPATH/Config/Database.php on line 54.
 1 [internal function]: CodeIgniter\Debug\Exceptions->shutdownHandler()
CRITICAL - 2025-04-21 02:41:40 --> ErrorException: Constant expression contains invalid operations
[Method: GET, Route: login]
in APPPATH/Config/Database.php on line 54.
 1 [internal function]: CodeIgniter\Debug\Exceptions->shutdownHandler()
CRITICAL - 2025-04-21 02:41:40 --> ErrorException: Constant expression contains invalid operations
[Method: GET, Route: login]
in APPPATH/Config/Database.php on line 54.
 1 [internal function]: CodeIgniter\Debug\Exceptions->shutdownHandler()
CRITICAL - 2025-04-21 02:42:45 --> ErrorException: Constant expression contains invalid operations
[Method: GET, Route: login]
in APPPATH/Config/Database.php on line 54.
 1 [internal function]: CodeIgniter\Debug\Exceptions->shutdownHandler()
CRITICAL - 2025-04-21 02:44:35 --> ErrorException: Constant expression contains invalid operations
[Method: GET, Route: login]
in APPPATH/Config/Database.php on line 54.
 1 [internal function]: CodeIgniter\Debug\Exceptions->shutdownHandler()
CRITICAL - 2025-04-21 02:44:36 --> ErrorException: Constant expression contains invalid operations
[Method: GET, Route: login]
in APPPATH/Config/Database.php on line 54.
 1 [internal function]: CodeIgniter\Debug\Exceptions->shutdownHandler()
CRITICAL - 2025-04-21 02:44:36 --> ErrorException: Constant expression contains invalid operations
[Method: GET, Route: login]
in APPPATH/Config/Database.php on line 54.
 1 [internal function]: CodeIgniter\Debug\Exceptions->shutdownHandler()
CRITICAL - 2025-04-21 02:44:36 --> ErrorException: Constant expression contains invalid operations
[Method: GET, Route: login]
in APPPATH/Config/Database.php on line 54.
 1 [internal function]: CodeIgniter\Debug\Exceptions->shutdownHandler()
CRITICAL - 2025-04-21 02:44:36 --> ErrorException: Constant expression contains invalid operations
[Method: GET, Route: login]
in APPPATH/Config/Database.php on line 54.
 1 [internal function]: CodeIgniter\Debug\Exceptions->shutdownHandler()
CRITICAL - 2025-04-21 02:44:37 --> ErrorException: Constant expression contains invalid operations
[Method: GET, Route: login]
in APPPATH/Config/Database.php on line 54.
 1 [internal function]: CodeIgniter\Debug\Exceptions->shutdownHandler()
CRITICAL - 2025-04-21 02:45:30 --> ErrorException: Constant expression contains invalid operations
[Method: GET, Route: login]
in APPPATH/Config/Database.php on line 54.
 1 [internal function]: CodeIgniter\Debug\Exceptions->shutdownHandler()
CRITICAL - 2025-04-21 02:45:31 --> ErrorException: Constant expression contains invalid operations
[Method: GET, Route: login]
in APPPATH/Config/Database.php on line 54.
 1 [internal function]: CodeIgniter\Debug\Exceptions->shutdownHandler()
CRITICAL - 2025-04-21 02:45:31 --> ErrorException: Constant expression contains invalid operations
[Method: GET, Route: login]
in APPPATH/Config/Database.php on line 54.
 1 [internal function]: CodeIgniter\Debug\Exceptions->shutdownHandler()
CRITICAL - 2025-04-21 02:45:31 --> ErrorException: Constant expression contains invalid operations
[Method: GET, Route: login]
in APPPATH/Config/Database.php on line 54.
 1 [internal function]: CodeIgniter\Debug\Exceptions->shutdownHandler()
CRITICAL - 2025-04-21 02:45:31 --> ErrorException: Constant expression contains invalid operations
[Method: GET, Route: login]
in APPPATH/Config/Database.php on line 54.
 1 [internal function]: CodeIgniter\Debug\Exceptions->shutdownHandler()
CRITICAL - 2025-04-21 02:45:31 --> ErrorException: Constant expression contains invalid operations
[Method: GET, Route: login]
in APPPATH/Config/Database.php on line 54.
 1 [internal function]: CodeIgniter\Debug\Exceptions->shutdownHandler()
CRITICAL - 2025-04-21 02:45:32 --> ErrorException: Constant expression contains invalid operations
[Method: GET, Route: login]
in APPPATH/Config/Database.php on line 54.
 1 [internal function]: CodeIgniter\Debug\Exceptions->shutdownHandler()
CRITICAL - 2025-04-21 02:45:32 --> ErrorException: Constant expression contains invalid operations
[Method: GET, Route: login]
in APPPATH/Config/Database.php on line 54.
 1 [internal function]: CodeIgniter\Debug\Exceptions->shutdownHandler()
CRITICAL - 2025-04-21 02:45:32 --> ErrorException: Constant expression contains invalid operations
[Method: GET, Route: login]
in APPPATH/Config/Database.php on line 54.
 1 [internal function]: CodeIgniter\Debug\Exceptions->shutdownHandler()
CRITICAL - 2025-04-21 02:45:32 --> ErrorException: Constant expression contains invalid operations
[Method: GET, Route: login]
in APPPATH/Config/Database.php on line 54.
 1 [internal function]: CodeIgniter\Debug\Exceptions->shutdownHandler()
DEBUG - 2025-04-21 02:48:25 --> Session: Class initialized using 'CodeIgniter\Session\Handlers\FileHandler' driver.
ERROR - 2025-04-21 02:48:25 --> Error connecting to the database: TypeError: mysqli::real_connect(): Argument #5 ($port) must be of type ?int, string given in /var/www/html/empower-brgy/vendor/codeigniter4/framework/system/Database/MySQLi/Connection.php:201
Stack trace:
#0 /var/www/html/empower-brgy/vendor/codeigniter4/framework/system/Database/MySQLi/Connection.php(201): mysqli->real_connect()
#1 /var/www/html/empower-brgy/vendor/codeigniter4/framework/system/Database/BaseConnection.php(421): CodeIgniter\Database\MySQLi\Connection->connect()
#2 /var/www/html/empower-brgy/vendor/codeigniter4/framework/system/Database/BaseConnection.php(620): CodeIgniter\Database\BaseConnection->initialize()
#3 /var/www/html/empower-brgy/vendor/codeigniter4/framework/system/Database/BaseBuilder.php(2848): CodeIgniter\Database\BaseConnection->query()
#4 /var/www/html/empower-brgy/app/Controllers/Auth.php(115): CodeIgniter\Database\BaseBuilder->delete()
#5 /var/www/html/empower-brgy/app/Controllers/Auth.php(26): App\Controllers\Auth->clearFailedAttempts()
#6 /var/www/html/empower-brgy/vendor/codeigniter4/framework/system/CodeIgniter.php(933): App\Controllers\Auth->index()
#7 /var/www/html/empower-brgy/vendor/codeigniter4/framework/system/CodeIgniter.php(507): CodeIgniter\CodeIgniter->runController()
#8 /var/www/html/empower-brgy/vendor/codeigniter4/framework/system/CodeIgniter.php(354): CodeIgniter\CodeIgniter->handleRequest()
#9 /var/www/html/empower-brgy/vendor/codeigniter4/framework/system/Boot.php(334): CodeIgniter\CodeIgniter->run()
#10 /var/www/html/empower-brgy/vendor/codeigniter4/framework/system/Boot.php(67): CodeIgniter\Boot::runCodeIgniter()
#11 /var/www/html/empower-brgy/public/index.php(56): CodeIgniter\Boot::bootWeb()
#12 /var/www/html/empower-brgy/vendor/codeigniter4/framework/system/rewrite.php(44): require_once('...')
#13 {main}

Next CodeIgniter\Database\Exceptions\DatabaseException: mysqli::real_connect(): Argument #5 ($port) must be of type ?int, string given in /var/www/html/empower-brgy/vendor/codeigniter4/framework/system/Database/MySQLi/Connection.php:246
Stack trace:
#0 /var/www/html/empower-brgy/vendor/codeigniter4/framework/system/Database/BaseConnection.php(421): CodeIgniter\Database\MySQLi\Connection->connect()
#1 /var/www/html/empower-brgy/vendor/codeigniter4/framework/system/Database/BaseConnection.php(620): CodeIgniter\Database\BaseConnection->initialize()
#2 /var/www/html/empower-brgy/vendor/codeigniter4/framework/system/Database/BaseBuilder.php(2848): CodeIgniter\Database\BaseConnection->query()
#3 /var/www/html/empower-brgy/app/Controllers/Auth.php(115): CodeIgniter\Database\BaseBuilder->delete()
#4 /var/www/html/empower-brgy/app/Controllers/Auth.php(26): App\Controllers\Auth->clearFailedAttempts()
#5 /var/www/html/empower-brgy/vendor/codeigniter4/framework/system/CodeIgniter.php(933): App\Controllers\Auth->index()
#6 /var/www/html/empower-brgy/vendor/codeigniter4/framework/system/CodeIgniter.php(507): CodeIgniter\CodeIgniter->runController()
#7 /var/www/html/empower-brgy/vendor/codeigniter4/framework/system/CodeIgniter.php(354): CodeIgniter\CodeIgniter->handleRequest()
#8 /var/www/html/empower-brgy/vendor/codeigniter4/framework/system/Boot.php(334): CodeIgniter\CodeIgniter->run()
#9 /var/www/html/empower-brgy/vendor/codeigniter4/framework/system/Boot.php(67): CodeIgniter\Boot::runCodeIgniter()
#10 /var/www/html/empower-brgy/public/index.php(56): CodeIgniter\Boot::bootWeb()
#11 /var/www/html/empower-brgy/vendor/codeigniter4/framework/system/rewrite.php(44): require_once('...')
#12 {main}
CRITICAL - 2025-04-21 02:48:25 --> CodeIgniter\Database\Exceptions\DatabaseException: Unable to connect to the database.
Main connection [MySQLi]: mysqli::real_connect(): Argument #5 ($port) must be of type ?int, string given
[Method: GET, Route: login]
in SYSTEMPATH/Database/BaseConnection.php on line 467.
 1 SYSTEMPATH/Database/BaseConnection.php(620): CodeIgniter\Database\BaseConnection->initialize()
 2 SYSTEMPATH/Database/BaseBuilder.php(2848): CodeIgniter\Database\BaseConnection->query()
 3 APPPATH/Controllers/Auth.php(115): CodeIgniter\Database\BaseBuilder->delete()
 4 APPPATH/Controllers/Auth.php(26): App\Controllers\Auth->clearFailedAttempts()
 5 SYSTEMPATH/CodeIgniter.php(933): App\Controllers\Auth->index()
 6 SYSTEMPATH/CodeIgniter.php(507): CodeIgniter\CodeIgniter->runController()
 7 SYSTEMPATH/CodeIgniter.php(354): CodeIgniter\CodeIgniter->handleRequest()
 8 SYSTEMPATH/Boot.php(334): CodeIgniter\CodeIgniter->run()
 9 SYSTEMPATH/Boot.php(67): CodeIgniter\Boot::runCodeIgniter()
10 FCPATH/index.php(56): CodeIgniter\Boot::bootWeb()
11 SYSTEMPATH/rewrite.php(44): require_once('/var/www/html/empower-brgy/public/index.php')
DEBUG - 2025-04-21 02:48:27 --> Session: Class initialized using 'CodeIgniter\Session\Handlers\FileHandler' driver.
ERROR - 2025-04-21 02:48:27 --> Error connecting to the database: TypeError: mysqli::real_connect(): Argument #5 ($port) must be of type ?int, string given in /var/www/html/empower-brgy/vendor/codeigniter4/framework/system/Database/MySQLi/Connection.php:201
Stack trace:
#0 /var/www/html/empower-brgy/vendor/codeigniter4/framework/system/Database/MySQLi/Connection.php(201): mysqli->real_connect()
#1 /var/www/html/empower-brgy/vendor/codeigniter4/framework/system/Database/BaseConnection.php(421): CodeIgniter\Database\MySQLi\Connection->connect()
#2 /var/www/html/empower-brgy/vendor/codeigniter4/framework/system/Database/BaseConnection.php(620): CodeIgniter\Database\BaseConnection->initialize()
#3 /var/www/html/empower-brgy/vendor/codeigniter4/framework/system/Database/BaseBuilder.php(2848): CodeIgniter\Database\BaseConnection->query()
#4 /var/www/html/empower-brgy/app/Controllers/Auth.php(115): CodeIgniter\Database\BaseBuilder->delete()
#5 /var/www/html/empower-brgy/app/Controllers/Auth.php(26): App\Controllers\Auth->clearFailedAttempts()
#6 /var/www/html/empower-brgy/vendor/codeigniter4/framework/system/CodeIgniter.php(933): App\Controllers\Auth->index()
#7 /var/www/html/empower-brgy/vendor/codeigniter4/framework/system/CodeIgniter.php(507): CodeIgniter\CodeIgniter->runController()
#8 /var/www/html/empower-brgy/vendor/codeigniter4/framework/system/CodeIgniter.php(354): CodeIgniter\CodeIgniter->handleRequest()
#9 /var/www/html/empower-brgy/vendor/codeigniter4/framework/system/Boot.php(334): CodeIgniter\CodeIgniter->run()
#10 /var/www/html/empower-brgy/vendor/codeigniter4/framework/system/Boot.php(67): CodeIgniter\Boot::runCodeIgniter()
#11 /var/www/html/empower-brgy/public/index.php(56): CodeIgniter\Boot::bootWeb()
#12 /var/www/html/empower-brgy/vendor/codeigniter4/framework/system/rewrite.php(44): require_once('...')
#13 {main}

Next CodeIgniter\Database\Exceptions\DatabaseException: mysqli::real_connect(): Argument #5 ($port) must be of type ?int, string given in /var/www/html/empower-brgy/vendor/codeigniter4/framework/system/Database/MySQLi/Connection.php:246
Stack trace:
#0 /var/www/html/empower-brgy/vendor/codeigniter4/framework/system/Database/BaseConnection.php(421): CodeIgniter\Database\MySQLi\Connection->connect()
#1 /var/www/html/empower-brgy/vendor/codeigniter4/framework/system/Database/BaseConnection.php(620): CodeIgniter\Database\BaseConnection->initialize()
#2 /var/www/html/empower-brgy/vendor/codeigniter4/framework/system/Database/BaseBuilder.php(2848): CodeIgniter\Database\BaseConnection->query()
#3 /var/www/html/empower-brgy/app/Controllers/Auth.php(115): CodeIgniter\Database\BaseBuilder->delete()
#4 /var/www/html/empower-brgy/app/Controllers/Auth.php(26): App\Controllers\Auth->clearFailedAttempts()
#5 /var/www/html/empower-brgy/vendor/codeigniter4/framework/system/CodeIgniter.php(933): App\Controllers\Auth->index()
#6 /var/www/html/empower-brgy/vendor/codeigniter4/framework/system/CodeIgniter.php(507): CodeIgniter\CodeIgniter->runController()
#7 /var/www/html/empower-brgy/vendor/codeigniter4/framework/system/CodeIgniter.php(354): CodeIgniter\CodeIgniter->handleRequest()
#8 /var/www/html/empower-brgy/vendor/codeigniter4/framework/system/Boot.php(334): CodeIgniter\CodeIgniter->run()
#9 /var/www/html/empower-brgy/vendor/codeigniter4/framework/system/Boot.php(67): CodeIgniter\Boot::runCodeIgniter()
#10 /var/www/html/empower-brgy/public/index.php(56): CodeIgniter\Boot::bootWeb()
#11 /var/www/html/empower-brgy/vendor/codeigniter4/framework/system/rewrite.php(44): require_once('...')
#12 {main}
CRITICAL - 2025-04-21 02:48:27 --> CodeIgniter\Database\Exceptions\DatabaseException: Unable to connect to the database.
Main connection [MySQLi]: mysqli::real_connect(): Argument #5 ($port) must be of type ?int, string given
[Method: GET, Route: login]
in SYSTEMPATH/Database/BaseConnection.php on line 467.
 1 SYSTEMPATH/Database/BaseConnection.php(620): CodeIgniter\Database\BaseConnection->initialize()
 2 SYSTEMPATH/Database/BaseBuilder.php(2848): CodeIgniter\Database\BaseConnection->query()
 3 APPPATH/Controllers/Auth.php(115): CodeIgniter\Database\BaseBuilder->delete()
 4 APPPATH/Controllers/Auth.php(26): App\Controllers\Auth->clearFailedAttempts()
 5 SYSTEMPATH/CodeIgniter.php(933): App\Controllers\Auth->index()
 6 SYSTEMPATH/CodeIgniter.php(507): CodeIgniter\CodeIgniter->runController()
 7 SYSTEMPATH/CodeIgniter.php(354): CodeIgniter\CodeIgniter->handleRequest()
 8 SYSTEMPATH/Boot.php(334): CodeIgniter\CodeIgniter->run()
 9 SYSTEMPATH/Boot.php(67): CodeIgniter\Boot::runCodeIgniter()
10 FCPATH/index.php(56): CodeIgniter\Boot::bootWeb()
11 SYSTEMPATH/rewrite.php(44): require_once('/var/www/html/empower-brgy/public/index.php')
DEBUG - 2025-04-21 02:48:29 --> Session: Class initialized using 'CodeIgniter\Session\Handlers\FileHandler' driver.
ERROR - 2025-04-21 02:48:29 --> Error connecting to the database: TypeError: mysqli::real_connect(): Argument #5 ($port) must be of type ?int, string given in /var/www/html/empower-brgy/vendor/codeigniter4/framework/system/Database/MySQLi/Connection.php:201
Stack trace:
#0 /var/www/html/empower-brgy/vendor/codeigniter4/framework/system/Database/MySQLi/Connection.php(201): mysqli->real_connect()
#1 /var/www/html/empower-brgy/vendor/codeigniter4/framework/system/Database/BaseConnection.php(421): CodeIgniter\Database\MySQLi\Connection->connect()
#2 /var/www/html/empower-brgy/vendor/codeigniter4/framework/system/Database/BaseConnection.php(620): CodeIgniter\Database\BaseConnection->initialize()
#3 /var/www/html/empower-brgy/vendor/codeigniter4/framework/system/Database/BaseBuilder.php(2848): CodeIgniter\Database\BaseConnection->query()
#4 /var/www/html/empower-brgy/app/Controllers/Auth.php(115): CodeIgniter\Database\BaseBuilder->delete()
#5 /var/www/html/empower-brgy/app/Controllers/Auth.php(26): App\Controllers\Auth->clearFailedAttempts()
#6 /var/www/html/empower-brgy/vendor/codeigniter4/framework/system/CodeIgniter.php(933): App\Controllers\Auth->index()
#7 /var/www/html/empower-brgy/vendor/codeigniter4/framework/system/CodeIgniter.php(507): CodeIgniter\CodeIgniter->runController()
#8 /var/www/html/empower-brgy/vendor/codeigniter4/framework/system/CodeIgniter.php(354): CodeIgniter\CodeIgniter->handleRequest()
#9 /var/www/html/empower-brgy/vendor/codeigniter4/framework/system/Boot.php(334): CodeIgniter\CodeIgniter->run()
#10 /var/www/html/empower-brgy/vendor/codeigniter4/framework/system/Boot.php(67): CodeIgniter\Boot::runCodeIgniter()
#11 /var/www/html/empower-brgy/public/index.php(56): CodeIgniter\Boot::bootWeb()
#12 /var/www/html/empower-brgy/vendor/codeigniter4/framework/system/rewrite.php(44): require_once('...')
#13 {main}

Next CodeIgniter\Database\Exceptions\DatabaseException: mysqli::real_connect(): Argument #5 ($port) must be of type ?int, string given in /var/www/html/empower-brgy/vendor/codeigniter4/framework/system/Database/MySQLi/Connection.php:246
Stack trace:
#0 /var/www/html/empower-brgy/vendor/codeigniter4/framework/system/Database/BaseConnection.php(421): CodeIgniter\Database\MySQLi\Connection->connect()
#1 /var/www/html/empower-brgy/vendor/codeigniter4/framework/system/Database/BaseConnection.php(620): CodeIgniter\Database\BaseConnection->initialize()
#2 /var/www/html/empower-brgy/vendor/codeigniter4/framework/system/Database/BaseBuilder.php(2848): CodeIgniter\Database\BaseConnection->query()
#3 /var/www/html/empower-brgy/app/Controllers/Auth.php(115): CodeIgniter\Database\BaseBuilder->delete()
#4 /var/www/html/empower-brgy/app/Controllers/Auth.php(26): App\Controllers\Auth->clearFailedAttempts()
#5 /var/www/html/empower-brgy/vendor/codeigniter4/framework/system/CodeIgniter.php(933): App\Controllers\Auth->index()
#6 /var/www/html/empower-brgy/vendor/codeigniter4/framework/system/CodeIgniter.php(507): CodeIgniter\CodeIgniter->runController()
#7 /var/www/html/empower-brgy/vendor/codeigniter4/framework/system/CodeIgniter.php(354): CodeIgniter\CodeIgniter->handleRequest()
#8 /var/www/html/empower-brgy/vendor/codeigniter4/framework/system/Boot.php(334): CodeIgniter\CodeIgniter->run()
#9 /var/www/html/empower-brgy/vendor/codeigniter4/framework/system/Boot.php(67): CodeIgniter\Boot::runCodeIgniter()
#10 /var/www/html/empower-brgy/public/index.php(56): CodeIgniter\Boot::bootWeb()
#11 /var/www/html/empower-brgy/vendor/codeigniter4/framework/system/rewrite.php(44): require_once('...')
#12 {main}
CRITICAL - 2025-04-21 02:48:29 --> CodeIgniter\Database\Exceptions\DatabaseException: Unable to connect to the database.
Main connection [MySQLi]: mysqli::real_connect(): Argument #5 ($port) must be of type ?int, string given
[Method: GET, Route: login]
in SYSTEMPATH/Database/BaseConnection.php on line 467.
 1 SYSTEMPATH/Database/BaseConnection.php(620): CodeIgniter\Database\BaseConnection->initialize()
 2 SYSTEMPATH/Database/BaseBuilder.php(2848): CodeIgniter\Database\BaseConnection->query()
 3 APPPATH/Controllers/Auth.php(115): CodeIgniter\Database\BaseBuilder->delete()
 4 APPPATH/Controllers/Auth.php(26): App\Controllers\Auth->clearFailedAttempts()
 5 SYSTEMPATH/CodeIgniter.php(933): App\Controllers\Auth->index()
 6 SYSTEMPATH/CodeIgniter.php(507): CodeIgniter\CodeIgniter->runController()
 7 SYSTEMPATH/CodeIgniter.php(354): CodeIgniter\CodeIgniter->handleRequest()
 8 SYSTEMPATH/Boot.php(334): CodeIgniter\CodeIgniter->run()
 9 SYSTEMPATH/Boot.php(67): CodeIgniter\Boot::runCodeIgniter()
10 FCPATH/index.php(56): CodeIgniter\Boot::bootWeb()
11 SYSTEMPATH/rewrite.php(44): require_once('/var/www/html/empower-brgy/public/index.php')
CRITICAL - 2025-04-21 02:49:06 --> ErrorException: Constant expression contains invalid operations
[Method: GET, Route: login]
in APPPATH/Config/Database.php on line 54.
 1 [internal function]: CodeIgniter\Debug\Exceptions->shutdownHandler()
CRITICAL - 2025-04-21 02:49:07 --> ErrorException: Constant expression contains invalid operations
[Method: GET, Route: login]
in APPPATH/Config/Database.php on line 54.
 1 [internal function]: CodeIgniter\Debug\Exceptions->shutdownHandler()
CRITICAL - 2025-04-21 02:49:07 --> ErrorException: Constant expression contains invalid operations
[Method: GET, Route: login]
in APPPATH/Config/Database.php on line 54.
 1 [internal function]: CodeIgniter\Debug\Exceptions->shutdownHandler()
CRITICAL - 2025-04-21 02:49:07 --> ErrorException: Constant expression contains invalid operations
[Method: GET, Route: login]
in APPPATH/Config/Database.php on line 54.
 1 [internal function]: CodeIgniter\Debug\Exceptions->shutdownHandler()
CRITICAL - 2025-04-21 02:49:08 --> ErrorException: Constant expression contains invalid operations
[Method: GET, Route: login]
in APPPATH/Config/Database.php on line 54.
 1 [internal function]: CodeIgniter\Debug\Exceptions->shutdownHandler()
CRITICAL - 2025-04-21 02:49:08 --> ErrorException: Constant expression contains invalid operations
[Method: GET, Route: login]
in APPPATH/Config/Database.php on line 54.
 1 [internal function]: CodeIgniter\Debug\Exceptions->shutdownHandler()
CRITICAL - 2025-04-21 02:49:08 --> ErrorException: Constant expression contains invalid operations
[Method: GET, Route: login]
in APPPATH/Config/Database.php on line 54.
 1 [internal function]: CodeIgniter\Debug\Exceptions->shutdownHandler()
CRITICAL - 2025-04-21 02:49:56 --> ErrorException: Constant expression contains invalid operations
[Method: GET, Route: login]
in APPPATH/Config/Database.php on line 27.
 1 [internal function]: CodeIgniter\Debug\Exceptions->shutdownHandler()
CRITICAL - 2025-04-21 02:49:57 --> ErrorException: Constant expression contains invalid operations
[Method: GET, Route: login]
in APPPATH/Config/Database.php on line 27.
 1 [internal function]: CodeIgniter\Debug\Exceptions->shutdownHandler()
CRITICAL - 2025-04-21 02:49:57 --> ErrorException: Constant expression contains invalid operations
[Method: GET, Route: login]
in APPPATH/Config/Database.php on line 27.
 1 [internal function]: CodeIgniter\Debug\Exceptions->shutdownHandler()
CRITICAL - 2025-04-21 02:49:57 --> ErrorException: Constant expression contains invalid operations
[Method: GET, Route: login]
in APPPATH/Config/Database.php on line 27.
 1 [internal function]: CodeIgniter\Debug\Exceptions->shutdownHandler()
CRITICAL - 2025-04-21 02:49:57 --> ErrorException: Constant expression contains invalid operations
[Method: GET, Route: login]
in APPPATH/Config/Database.php on line 27.
 1 [internal function]: CodeIgniter\Debug\Exceptions->shutdownHandler()
CRITICAL - 2025-04-21 02:49:57 --> ErrorException: Constant expression contains invalid operations
[Method: GET, Route: login]
in APPPATH/Config/Database.php on line 27.
 1 [internal function]: CodeIgniter\Debug\Exceptions->shutdownHandler()
CRITICAL - 2025-04-21 02:49:58 --> ErrorException: Constant expression contains invalid operations
[Method: GET, Route: login]
in APPPATH/Config/Database.php on line 27.
 1 [internal function]: CodeIgniter\Debug\Exceptions->shutdownHandler()
CRITICAL - 2025-04-21 02:50:14 --> ErrorException: Constant expression contains invalid operations
[Method: GET, Route: login]
in APPPATH/Config/Database.php on line 27.
 1 [internal function]: CodeIgniter\Debug\Exceptions->shutdownHandler()
CRITICAL - 2025-04-21 02:50:14 --> ErrorException: Constant expression contains invalid operations
[Method: GET, Route: login]
in APPPATH/Config/Database.php on line 27.
 1 [internal function]: CodeIgniter\Debug\Exceptions->shutdownHandler()
CRITICAL - 2025-04-21 02:50:14 --> ErrorException: Constant expression contains invalid operations
[Method: GET, Route: login]
in APPPATH/Config/Database.php on line 27.
 1 [internal function]: CodeIgniter\Debug\Exceptions->shutdownHandler()
CRITICAL - 2025-04-21 02:50:15 --> ErrorException: Constant expression contains invalid operations
[Method: GET, Route: login]
in APPPATH/Config/Database.php on line 27.
 1 [internal function]: CodeIgniter\Debug\Exceptions->shutdownHandler()
CRITICAL - 2025-04-21 02:50:15 --> ErrorException: Constant expression contains invalid operations
[Method: GET, Route: login]
in APPPATH/Config/Database.php on line 27.
 1 [internal function]: CodeIgniter\Debug\Exceptions->shutdownHandler()
CRITICAL - 2025-04-21 02:50:15 --> ErrorException: Constant expression contains invalid operations
[Method: GET, Route: login]
in APPPATH/Config/Database.php on line 27.
 1 [internal function]: CodeIgniter\Debug\Exceptions->shutdownHandler()
DEBUG - 2025-04-21 02:51:22 --> Session: Class initialized using 'CodeIgniter\Session\Handlers\FileHandler' driver.
ERROR - 2025-04-21 02:51:22 --> Error connecting to the database: TypeError: mysqli::real_connect(): Argument #5 ($port) must be of type ?int, string given in /var/www/html/empower-brgy/vendor/codeigniter4/framework/system/Database/MySQLi/Connection.php:201
Stack trace:
#0 /var/www/html/empower-brgy/vendor/codeigniter4/framework/system/Database/MySQLi/Connection.php(201): mysqli->real_connect()
#1 /var/www/html/empower-brgy/vendor/codeigniter4/framework/system/Database/BaseConnection.php(421): CodeIgniter\Database\MySQLi\Connection->connect()
#2 /var/www/html/empower-brgy/vendor/codeigniter4/framework/system/Database/BaseConnection.php(620): CodeIgniter\Database\BaseConnection->initialize()
#3 /var/www/html/empower-brgy/vendor/codeigniter4/framework/system/Database/BaseBuilder.php(2848): CodeIgniter\Database\BaseConnection->query()
#4 /var/www/html/empower-brgy/app/Controllers/Auth.php(115): CodeIgniter\Database\BaseBuilder->delete()
#5 /var/www/html/empower-brgy/app/Controllers/Auth.php(26): App\Controllers\Auth->clearFailedAttempts()
#6 /var/www/html/empower-brgy/vendor/codeigniter4/framework/system/CodeIgniter.php(933): App\Controllers\Auth->index()
#7 /var/www/html/empower-brgy/vendor/codeigniter4/framework/system/CodeIgniter.php(507): CodeIgniter\CodeIgniter->runController()
#8 /var/www/html/empower-brgy/vendor/codeigniter4/framework/system/CodeIgniter.php(354): CodeIgniter\CodeIgniter->handleRequest()
#9 /var/www/html/empower-brgy/vendor/codeigniter4/framework/system/Boot.php(334): CodeIgniter\CodeIgniter->run()
#10 /var/www/html/empower-brgy/vendor/codeigniter4/framework/system/Boot.php(67): CodeIgniter\Boot::runCodeIgniter()
#11 /var/www/html/empower-brgy/public/index.php(56): CodeIgniter\Boot::bootWeb()
#12 /var/www/html/empower-brgy/vendor/codeigniter4/framework/system/rewrite.php(44): require_once('...')
#13 {main}

Next CodeIgniter\Database\Exceptions\DatabaseException: mysqli::real_connect(): Argument #5 ($port) must be of type ?int, string given in /var/www/html/empower-brgy/vendor/codeigniter4/framework/system/Database/MySQLi/Connection.php:246
Stack trace:
#0 /var/www/html/empower-brgy/vendor/codeigniter4/framework/system/Database/BaseConnection.php(421): CodeIgniter\Database\MySQLi\Connection->connect()
#1 /var/www/html/empower-brgy/vendor/codeigniter4/framework/system/Database/BaseConnection.php(620): CodeIgniter\Database\BaseConnection->initialize()
#2 /var/www/html/empower-brgy/vendor/codeigniter4/framework/system/Database/BaseBuilder.php(2848): CodeIgniter\Database\BaseConnection->query()
#3 /var/www/html/empower-brgy/app/Controllers/Auth.php(115): CodeIgniter\Database\BaseBuilder->delete()
#4 /var/www/html/empower-brgy/app/Controllers/Auth.php(26): App\Controllers\Auth->clearFailedAttempts()
#5 /var/www/html/empower-brgy/vendor/codeigniter4/framework/system/CodeIgniter.php(933): App\Controllers\Auth->index()
#6 /var/www/html/empower-brgy/vendor/codeigniter4/framework/system/CodeIgniter.php(507): CodeIgniter\CodeIgniter->runController()
#7 /var/www/html/empower-brgy/vendor/codeigniter4/framework/system/CodeIgniter.php(354): CodeIgniter\CodeIgniter->handleRequest()
#8 /var/www/html/empower-brgy/vendor/codeigniter4/framework/system/Boot.php(334): CodeIgniter\CodeIgniter->run()
#9 /var/www/html/empower-brgy/vendor/codeigniter4/framework/system/Boot.php(67): CodeIgniter\Boot::runCodeIgniter()
#10 /var/www/html/empower-brgy/public/index.php(56): CodeIgniter\Boot::bootWeb()
#11 /var/www/html/empower-brgy/vendor/codeigniter4/framework/system/rewrite.php(44): require_once('...')
#12 {main}
CRITICAL - 2025-04-21 02:51:22 --> CodeIgniter\Database\Exceptions\DatabaseException: Unable to connect to the database.
Main connection [MySQLi]: mysqli::real_connect(): Argument #5 ($port) must be of type ?int, string given
[Method: GET, Route: login]
in SYSTEMPATH/Database/BaseConnection.php on line 467.
 1 SYSTEMPATH/Database/BaseConnection.php(620): CodeIgniter\Database\BaseConnection->initialize()
 2 SYSTEMPATH/Database/BaseBuilder.php(2848): CodeIgniter\Database\BaseConnection->query()
 3 APPPATH/Controllers/Auth.php(115): CodeIgniter\Database\BaseBuilder->delete()
 4 APPPATH/Controllers/Auth.php(26): App\Controllers\Auth->clearFailedAttempts()
 5 SYSTEMPATH/CodeIgniter.php(933): App\Controllers\Auth->index()
 6 SYSTEMPATH/CodeIgniter.php(507): CodeIgniter\CodeIgniter->runController()
 7 SYSTEMPATH/CodeIgniter.php(354): CodeIgniter\CodeIgniter->handleRequest()
 8 SYSTEMPATH/Boot.php(334): CodeIgniter\CodeIgniter->run()
 9 SYSTEMPATH/Boot.php(67): CodeIgniter\Boot::runCodeIgniter()
10 FCPATH/index.php(56): CodeIgniter\Boot::bootWeb()
11 SYSTEMPATH/rewrite.php(44): require_once('/var/www/html/empower-brgy/public/index.php')
DEBUG - 2025-04-21 02:51:23 --> Session: Class initialized using 'CodeIgniter\Session\Handlers\FileHandler' driver.
ERROR - 2025-04-21 02:51:23 --> Error connecting to the database: TypeError: mysqli::real_connect(): Argument #5 ($port) must be of type ?int, string given in /var/www/html/empower-brgy/vendor/codeigniter4/framework/system/Database/MySQLi/Connection.php:201
Stack trace:
#0 /var/www/html/empower-brgy/vendor/codeigniter4/framework/system/Database/MySQLi/Connection.php(201): mysqli->real_connect()
#1 /var/www/html/empower-brgy/vendor/codeigniter4/framework/system/Database/BaseConnection.php(421): CodeIgniter\Database\MySQLi\Connection->connect()
#2 /var/www/html/empower-brgy/vendor/codeigniter4/framework/system/Database/BaseConnection.php(620): CodeIgniter\Database\BaseConnection->initialize()
#3 /var/www/html/empower-brgy/vendor/codeigniter4/framework/system/Database/BaseBuilder.php(2848): CodeIgniter\Database\BaseConnection->query()
#4 /var/www/html/empower-brgy/app/Controllers/Auth.php(115): CodeIgniter\Database\BaseBuilder->delete()
#5 /var/www/html/empower-brgy/app/Controllers/Auth.php(26): App\Controllers\Auth->clearFailedAttempts()
#6 /var/www/html/empower-brgy/vendor/codeigniter4/framework/system/CodeIgniter.php(933): App\Controllers\Auth->index()
#7 /var/www/html/empower-brgy/vendor/codeigniter4/framework/system/CodeIgniter.php(507): CodeIgniter\CodeIgniter->runController()
#8 /var/www/html/empower-brgy/vendor/codeigniter4/framework/system/CodeIgniter.php(354): CodeIgniter\CodeIgniter->handleRequest()
#9 /var/www/html/empower-brgy/vendor/codeigniter4/framework/system/Boot.php(334): CodeIgniter\CodeIgniter->run()
#10 /var/www/html/empower-brgy/vendor/codeigniter4/framework/system/Boot.php(67): CodeIgniter\Boot::runCodeIgniter()
#11 /var/www/html/empower-brgy/public/index.php(56): CodeIgniter\Boot::bootWeb()
#12 /var/www/html/empower-brgy/vendor/codeigniter4/framework/system/rewrite.php(44): require_once('...')
#13 {main}

Next CodeIgniter\Database\Exceptions\DatabaseException: mysqli::real_connect(): Argument #5 ($port) must be of type ?int, string given in /var/www/html/empower-brgy/vendor/codeigniter4/framework/system/Database/MySQLi/Connection.php:246
Stack trace:
#0 /var/www/html/empower-brgy/vendor/codeigniter4/framework/system/Database/BaseConnection.php(421): CodeIgniter\Database\MySQLi\Connection->connect()
#1 /var/www/html/empower-brgy/vendor/codeigniter4/framework/system/Database/BaseConnection.php(620): CodeIgniter\Database\BaseConnection->initialize()
#2 /var/www/html/empower-brgy/vendor/codeigniter4/framework/system/Database/BaseBuilder.php(2848): CodeIgniter\Database\BaseConnection->query()
#3 /var/www/html/empower-brgy/app/Controllers/Auth.php(115): CodeIgniter\Database\BaseBuilder->delete()
#4 /var/www/html/empower-brgy/app/Controllers/Auth.php(26): App\Controllers\Auth->clearFailedAttempts()
#5 /var/www/html/empower-brgy/vendor/codeigniter4/framework/system/CodeIgniter.php(933): App\Controllers\Auth->index()
#6 /var/www/html/empower-brgy/vendor/codeigniter4/framework/system/CodeIgniter.php(507): CodeIgniter\CodeIgniter->runController()
#7 /var/www/html/empower-brgy/vendor/codeigniter4/framework/system/CodeIgniter.php(354): CodeIgniter\CodeIgniter->handleRequest()
#8 /var/www/html/empower-brgy/vendor/codeigniter4/framework/system/Boot.php(334): CodeIgniter\CodeIgniter->run()
#9 /var/www/html/empower-brgy/vendor/codeigniter4/framework/system/Boot.php(67): CodeIgniter\Boot::runCodeIgniter()
#10 /var/www/html/empower-brgy/public/index.php(56): CodeIgniter\Boot::bootWeb()
#11 /var/www/html/empower-brgy/vendor/codeigniter4/framework/system/rewrite.php(44): require_once('...')
#12 {main}
CRITICAL - 2025-04-21 02:51:23 --> CodeIgniter\Database\Exceptions\DatabaseException: Unable to connect to the database.
Main connection [MySQLi]: mysqli::real_connect(): Argument #5 ($port) must be of type ?int, string given
[Method: GET, Route: login]
in SYSTEMPATH/Database/BaseConnection.php on line 467.
 1 SYSTEMPATH/Database/BaseConnection.php(620): CodeIgniter\Database\BaseConnection->initialize()
 2 SYSTEMPATH/Database/BaseBuilder.php(2848): CodeIgniter\Database\BaseConnection->query()
 3 APPPATH/Controllers/Auth.php(115): CodeIgniter\Database\BaseBuilder->delete()
 4 APPPATH/Controllers/Auth.php(26): App\Controllers\Auth->clearFailedAttempts()
 5 SYSTEMPATH/CodeIgniter.php(933): App\Controllers\Auth->index()
 6 SYSTEMPATH/CodeIgniter.php(507): CodeIgniter\CodeIgniter->runController()
 7 SYSTEMPATH/CodeIgniter.php(354): CodeIgniter\CodeIgniter->handleRequest()
 8 SYSTEMPATH/Boot.php(334): CodeIgniter\CodeIgniter->run()
 9 SYSTEMPATH/Boot.php(67): CodeIgniter\Boot::runCodeIgniter()
10 FCPATH/index.php(56): CodeIgniter\Boot::bootWeb()
11 SYSTEMPATH/rewrite.php(44): require_once('/var/www/html/empower-brgy/public/index.php')
DEBUG - 2025-04-21 02:51:24 --> Session: Class initialized using 'CodeIgniter\Session\Handlers\FileHandler' driver.
ERROR - 2025-04-21 02:51:24 --> Error connecting to the database: TypeError: mysqli::real_connect(): Argument #5 ($port) must be of type ?int, string given in /var/www/html/empower-brgy/vendor/codeigniter4/framework/system/Database/MySQLi/Connection.php:201
Stack trace:
#0 /var/www/html/empower-brgy/vendor/codeigniter4/framework/system/Database/MySQLi/Connection.php(201): mysqli->real_connect()
#1 /var/www/html/empower-brgy/vendor/codeigniter4/framework/system/Database/BaseConnection.php(421): CodeIgniter\Database\MySQLi\Connection->connect()
#2 /var/www/html/empower-brgy/vendor/codeigniter4/framework/system/Database/BaseConnection.php(620): CodeIgniter\Database\BaseConnection->initialize()
#3 /var/www/html/empower-brgy/vendor/codeigniter4/framework/system/Database/BaseBuilder.php(2848): CodeIgniter\Database\BaseConnection->query()
#4 /var/www/html/empower-brgy/app/Controllers/Auth.php(115): CodeIgniter\Database\BaseBuilder->delete()
#5 /var/www/html/empower-brgy/app/Controllers/Auth.php(26): App\Controllers\Auth->clearFailedAttempts()
#6 /var/www/html/empower-brgy/vendor/codeigniter4/framework/system/CodeIgniter.php(933): App\Controllers\Auth->index()
#7 /var/www/html/empower-brgy/vendor/codeigniter4/framework/system/CodeIgniter.php(507): CodeIgniter\CodeIgniter->runController()
#8 /var/www/html/empower-brgy/vendor/codeigniter4/framework/system/CodeIgniter.php(354): CodeIgniter\CodeIgniter->handleRequest()
#9 /var/www/html/empower-brgy/vendor/codeigniter4/framework/system/Boot.php(334): CodeIgniter\CodeIgniter->run()
#10 /var/www/html/empower-brgy/vendor/codeigniter4/framework/system/Boot.php(67): CodeIgniter\Boot::runCodeIgniter()
#11 /var/www/html/empower-brgy/public/index.php(56): CodeIgniter\Boot::bootWeb()
#12 /var/www/html/empower-brgy/vendor/codeigniter4/framework/system/rewrite.php(44): require_once('...')
#13 {main}

Next CodeIgniter\Database\Exceptions\DatabaseException: mysqli::real_connect(): Argument #5 ($port) must be of type ?int, string given in /var/www/html/empower-brgy/vendor/codeigniter4/framework/system/Database/MySQLi/Connection.php:246
Stack trace:
#0 /var/www/html/empower-brgy/vendor/codeigniter4/framework/system/Database/BaseConnection.php(421): CodeIgniter\Database\MySQLi\Connection->connect()
#1 /var/www/html/empower-brgy/vendor/codeigniter4/framework/system/Database/BaseConnection.php(620): CodeIgniter\Database\BaseConnection->initialize()
#2 /var/www/html/empower-brgy/vendor/codeigniter4/framework/system/Database/BaseBuilder.php(2848): CodeIgniter\Database\BaseConnection->query()
#3 /var/www/html/empower-brgy/app/Controllers/Auth.php(115): CodeIgniter\Database\BaseBuilder->delete()
#4 /var/www/html/empower-brgy/app/Controllers/Auth.php(26): App\Controllers\Auth->clearFailedAttempts()
#5 /var/www/html/empower-brgy/vendor/codeigniter4/framework/system/CodeIgniter.php(933): App\Controllers\Auth->index()
#6 /var/www/html/empower-brgy/vendor/codeigniter4/framework/system/CodeIgniter.php(507): CodeIgniter\CodeIgniter->runController()
#7 /var/www/html/empower-brgy/vendor/codeigniter4/framework/system/CodeIgniter.php(354): CodeIgniter\CodeIgniter->handleRequest()
#8 /var/www/html/empower-brgy/vendor/codeigniter4/framework/system/Boot.php(334): CodeIgniter\CodeIgniter->run()
#9 /var/www/html/empower-brgy/vendor/codeigniter4/framework/system/Boot.php(67): CodeIgniter\Boot::runCodeIgniter()
#10 /var/www/html/empower-brgy/public/index.php(56): CodeIgniter\Boot::bootWeb()
#11 /var/www/html/empower-brgy/vendor/codeigniter4/framework/system/rewrite.php(44): require_once('...')
#12 {main}
CRITICAL - 2025-04-21 02:51:24 --> CodeIgniter\Database\Exceptions\DatabaseException: Unable to connect to the database.
Main connection [MySQLi]: mysqli::real_connect(): Argument #5 ($port) must be of type ?int, string given
[Method: GET, Route: login]
in SYSTEMPATH/Database/BaseConnection.php on line 467.
 1 SYSTEMPATH/Database/BaseConnection.php(620): CodeIgniter\Database\BaseConnection->initialize()
 2 SYSTEMPATH/Database/BaseBuilder.php(2848): CodeIgniter\Database\BaseConnection->query()
 3 APPPATH/Controllers/Auth.php(115): CodeIgniter\Database\BaseBuilder->delete()
 4 APPPATH/Controllers/Auth.php(26): App\Controllers\Auth->clearFailedAttempts()
 5 SYSTEMPATH/CodeIgniter.php(933): App\Controllers\Auth->index()
 6 SYSTEMPATH/CodeIgniter.php(507): CodeIgniter\CodeIgniter->runController()
 7 SYSTEMPATH/CodeIgniter.php(354): CodeIgniter\CodeIgniter->handleRequest()
 8 SYSTEMPATH/Boot.php(334): CodeIgniter\CodeIgniter->run()
 9 SYSTEMPATH/Boot.php(67): CodeIgniter\Boot::runCodeIgniter()
10 FCPATH/index.php(56): CodeIgniter\Boot::bootWeb()
11 SYSTEMPATH/rewrite.php(44): require_once('/var/www/html/empower-brgy/public/index.php')
DEBUG - 2025-04-21 02:52:07 --> Session: Class initialized using 'CodeIgniter\Session\Handlers\FileHandler' driver.
DEBUG - 2025-04-21 02:52:10 --> Session: Class initialized using 'CodeIgniter\Session\Handlers\FileHandler' driver.
DEBUG - 2025-04-21 02:52:15 --> Session: Class initialized using 'CodeIgniter\Session\Handlers\FileHandler' driver.
DEBUG - 2025-04-21 02:52:15 --> Session: Class initialized using 'CodeIgniter\Session\Handlers\FileHandler' driver.
DEBUG - 2025-04-21 02:52:16 --> Session: Class initialized using 'CodeIgniter\Session\Handlers\FileHandler' driver.
DEBUG - 2025-04-21 02:52:18 --> Session: Class initialized using 'CodeIgniter\Session\Handlers\FileHandler' driver.
DEBUG - 2025-04-21 02:52:18 --> Session: Class initialized using 'CodeIgniter\Session\Handlers\FileHandler' driver.
CRITICAL - 2025-04-21 02:55:06 --> ErrorException: Cannot redeclare Config\Database::__construct()
[Method: GET, Route: login]
in APPPATH/Config/Database.php on line 227.
 1 [internal function]: CodeIgniter\Debug\Exceptions->shutdownHandler()
CRITICAL - 2025-04-21 02:55:07 --> ErrorException: Cannot redeclare Config\Database::__construct()
[Method: GET, Route: login]
in APPPATH/Config/Database.php on line 227.
 1 [internal function]: CodeIgniter\Debug\Exceptions->shutdownHandler()
DEBUG - 2025-04-21 02:55:45 --> Session: Class initialized using 'CodeIgniter\Session\Handlers\FileHandler' driver.
WARNING - 2025-04-21 02:55:45 --> [DEPRECATED] Creation of dynamic property Config\Database::$default is deprecated in APPPATH/Config/Database.php on line 33.
 1 SYSTEMPATH/Config/Factories.php(235): Config\Database->__construct()
 2 SYSTEMPATH/Config/Factories.php(169): CodeIgniter\Config\Factories::createInstance('config', 'Config\\Database', [])
 3 SYSTEMPATH/Config/Factories.php(188): CodeIgniter\Config\Factories::__callStatic('config', [])
 4 SYSTEMPATH/Common.php(210): CodeIgniter\Config\Factories::get('config', 'Config\\Database')
 5 SYSTEMPATH/Database/Config.php(63): config('Config\\Database')
 6 APPPATH/Controllers/Auth.php(104): CodeIgniter\Database\Config::connect()
 7 APPPATH/Controllers/Auth.php(26): App\Controllers\Auth->clearFailedAttempts()
 8 SYSTEMPATH/CodeIgniter.php(933): App\Controllers\Auth->index()
 9 SYSTEMPATH/CodeIgniter.php(507): CodeIgniter\CodeIgniter->runController(Object(App\Controllers\Auth))
10 SYSTEMPATH/CodeIgniter.php(354): CodeIgniter\CodeIgniter->handleRequest(null, Object(Config\Cache), false)
11 SYSTEMPATH/Boot.php(334): CodeIgniter\CodeIgniter->run()
12 SYSTEMPATH/Boot.php(67): CodeIgniter\Boot::runCodeIgniter(Object(CodeIgniter\CodeIgniter))
13 FCPATH/index.php(56): CodeIgniter\Boot::bootWeb(Object(Config\Paths))
14 SYSTEMPATH/rewrite.php(44): require_once('/var/www/html/empower-brgy/public/index.php')
DEBUG - 2025-04-21 02:55:51 --> Session: Class initialized using 'CodeIgniter\Session\Handlers\FileHandler' driver.
WARNING - 2025-04-21 02:55:51 --> [DEPRECATED] Creation of dynamic property Config\Database::$default is deprecated in APPPATH/Config/Database.php on line 33.
 1 SYSTEMPATH/Config/Factories.php(235): Config\Database->__construct()
 2 SYSTEMPATH/Config/Factories.php(169): CodeIgniter\Config\Factories::createInstance('config', 'Config\\Database', [])
 3 SYSTEMPATH/Config/Factories.php(188): CodeIgniter\Config\Factories::__callStatic('config', [])
 4 SYSTEMPATH/Common.php(210): CodeIgniter\Config\Factories::get('config', 'Config\\Database')
 5 SYSTEMPATH/Database/Config.php(63): config('Config\\Database')
 6 SYSTEMPATH/Model.php(155): CodeIgniter\Database\Config::connect(null)
 7 APPPATH/Controllers/Auth.php(35): CodeIgniter\Model->__construct()
 8 SYSTEMPATH/CodeIgniter.php(933): App\Controllers\Auth->auth()
 9 SYSTEMPATH/CodeIgniter.php(507): CodeIgniter\CodeIgniter->runController(Object(App\Controllers\Auth))
10 SYSTEMPATH/CodeIgniter.php(354): CodeIgniter\CodeIgniter->handleRequest(null, Object(Config\Cache), false)
11 SYSTEMPATH/Boot.php(334): CodeIgniter\CodeIgniter->run()
12 SYSTEMPATH/Boot.php(67): CodeIgniter\Boot::runCodeIgniter(Object(CodeIgniter\CodeIgniter))
13 FCPATH/index.php(56): CodeIgniter\Boot::bootWeb(Object(Config\Paths))
14 SYSTEMPATH/rewrite.php(44): require_once('/var/www/html/empower-brgy/public/index.php')
DEBUG - 2025-04-21 02:55:51 --> Session: Class initialized using 'CodeIgniter\Session\Handlers\FileHandler' driver.
WARNING - 2025-04-21 02:55:53 --> [DEPRECATED] Creation of dynamic property Config\Database::$default is deprecated in APPPATH/Config/Database.php on line 33.
 1 SYSTEMPATH/Config/Factories.php(235): Config\Database->__construct()
 2 SYSTEMPATH/Config/Factories.php(169): CodeIgniter\Config\Factories::createInstance('config', 'Config\\Database', [])
 3 SYSTEMPATH/Config/Factories.php(188): CodeIgniter\Config\Factories::__callStatic('config', [])
 4 SYSTEMPATH/Common.php(210): CodeIgniter\Config\Factories::get('config', 'Config\\Database')
 5 SYSTEMPATH/Database/Config.php(63): config('Config\\Database')
 6 SYSTEMPATH/Model.php(155): CodeIgniter\Database\Config::connect(null)
 7 APPPATH/Controllers/Users.php(11): CodeIgniter\Model->__construct()
 8 SYSTEMPATH/CodeIgniter.php(933): App\Controllers\Users->index()
 9 SYSTEMPATH/CodeIgniter.php(507): CodeIgniter\CodeIgniter->runController(Object(App\Controllers\Users))
10 SYSTEMPATH/CodeIgniter.php(354): CodeIgniter\CodeIgniter->handleRequest(null, Object(Config\Cache), false)
11 SYSTEMPATH/Boot.php(334): CodeIgniter\CodeIgniter->run()
12 SYSTEMPATH/Boot.php(67): CodeIgniter\Boot::runCodeIgniter(Object(CodeIgniter\CodeIgniter))
13 FCPATH/index.php(56): CodeIgniter\Boot::bootWeb(Object(Config\Paths))
14 SYSTEMPATH/rewrite.php(44): require_once('/var/www/html/empower-brgy/public/index.php')
DEBUG - 2025-04-21 02:55:53 --> Session: Class initialized using 'CodeIgniter\Session\Handlers\FileHandler' driver.
WARNING - 2025-04-21 02:55:53 --> [DEPRECATED] Creation of dynamic property Config\Database::$default is deprecated in APPPATH/Config/Database.php on line 33.
 1 SYSTEMPATH/Config/Factories.php(235): Config\Database->__construct()
 2 SYSTEMPATH/Config/Factories.php(169): CodeIgniter\Config\Factories::createInstance('config', 'Config\\Database', [])
 3 SYSTEMPATH/Config/Factories.php(188): CodeIgniter\Config\Factories::__callStatic('config', [])
 4 SYSTEMPATH/Common.php(210): CodeIgniter\Config\Factories::get('config', 'Config\\Database')
 5 SYSTEMPATH/Database/Config.php(63): config('Config\\Database')
 6 SYSTEMPATH/Model.php(155): CodeIgniter\Database\Config::connect(null)
 7 APPPATH/Controllers/Users.php(139): CodeIgniter\Model->__construct()
 8 SYSTEMPATH/CodeIgniter.php(933): App\Controllers\Users->fetchUsers()
 9 SYSTEMPATH/CodeIgniter.php(507): CodeIgniter\CodeIgniter->runController(Object(App\Controllers\Users))
10 SYSTEMPATH/CodeIgniter.php(354): CodeIgniter\CodeIgniter->handleRequest(null, Object(Config\Cache), false)
11 SYSTEMPATH/Boot.php(334): CodeIgniter\CodeIgniter->run()
12 SYSTEMPATH/Boot.php(67): CodeIgniter\Boot::runCodeIgniter(Object(CodeIgniter\CodeIgniter))
13 FCPATH/index.php(56): CodeIgniter\Boot::bootWeb(Object(Config\Paths))
14 SYSTEMPATH/rewrite.php(44): require_once('/var/www/html/empower-brgy/public/index.php')
WARNING - 2025-04-21 02:55:54 --> [DEPRECATED] Creation of dynamic property Config\Database::$default is deprecated in APPPATH/Config/Database.php on line 33.
 1 SYSTEMPATH/Config/Factories.php(235): Config\Database->__construct()
 2 SYSTEMPATH/Config/Factories.php(169): CodeIgniter\Config\Factories::createInstance('config', 'Config\\Database', [])
 3 SYSTEMPATH/Config/Factories.php(188): CodeIgniter\Config\Factories::__callStatic('config', [])
 4 SYSTEMPATH/Common.php(210): CodeIgniter\Config\Factories::get('config', 'Config\\Database')
 5 SYSTEMPATH/Database/Config.php(63): config('Config\\Database')
 6 SYSTEMPATH/Model.php(155): CodeIgniter\Database\Config::connect(null)
 7 APPPATH/Controllers/Users.php(111): CodeIgniter\Model->__construct()
 8 SYSTEMPATH/CodeIgniter.php(933): App\Controllers\Users->edit('1')
 9 SYSTEMPATH/CodeIgniter.php(507): CodeIgniter\CodeIgniter->runController(Object(App\Controllers\Users))
10 SYSTEMPATH/CodeIgniter.php(354): CodeIgniter\CodeIgniter->handleRequest(null, Object(Config\Cache), false)
11 SYSTEMPATH/Boot.php(334): CodeIgniter\CodeIgniter->run()
12 SYSTEMPATH/Boot.php(67): CodeIgniter\Boot::runCodeIgniter(Object(CodeIgniter\CodeIgniter))
13 FCPATH/index.php(56): CodeIgniter\Boot::bootWeb(Object(Config\Paths))
14 SYSTEMPATH/rewrite.php(44): require_once('/var/www/html/empower-brgy/public/index.php')
WARNING - 2025-04-21 02:56:01 --> [DEPRECATED] Creation of dynamic property Config\Database::$default is deprecated in APPPATH/Config/Database.php on line 33.
 1 SYSTEMPATH/Config/Factories.php(235): Config\Database->__construct()
 2 SYSTEMPATH/Config/Factories.php(169): CodeIgniter\Config\Factories::createInstance('config', 'Config\\Database', [])
 3 SYSTEMPATH/Config/Factories.php(188): CodeIgniter\Config\Factories::__callStatic('config', [])
 4 SYSTEMPATH/Common.php(210): CodeIgniter\Config\Factories::get('config', 'Config\\Database')
 5 SYSTEMPATH/Database/Config.php(63): config('Config\\Database')
 6 SYSTEMPATH/Model.php(155): CodeIgniter\Database\Config::connect(null)
 7 APPPATH/Controllers/Users.php(55): CodeIgniter\Model->__construct()
 8 SYSTEMPATH/CodeIgniter.php(933): App\Controllers\Users->update()
 9 SYSTEMPATH/CodeIgniter.php(507): CodeIgniter\CodeIgniter->runController(Object(App\Controllers\Users))
10 SYSTEMPATH/CodeIgniter.php(354): CodeIgniter\CodeIgniter->handleRequest(null, Object(Config\Cache), false)
11 SYSTEMPATH/Boot.php(334): CodeIgniter\CodeIgniter->run()
12 SYSTEMPATH/Boot.php(67): CodeIgniter\Boot::runCodeIgniter(Object(CodeIgniter\CodeIgniter))
13 FCPATH/index.php(56): CodeIgniter\Boot::bootWeb(Object(Config\Paths))
14 SYSTEMPATH/rewrite.php(44): require_once('/var/www/html/empower-brgy/public/index.php')
WARNING - 2025-04-21 02:56:02 --> [DEPRECATED] Creation of dynamic property Config\Database::$default is deprecated in APPPATH/Config/Database.php on line 33.
 1 SYSTEMPATH/Config/Factories.php(235): Config\Database->__construct()
 2 SYSTEMPATH/Config/Factories.php(169): CodeIgniter\Config\Factories::createInstance('config', 'Config\\Database', [])
 3 SYSTEMPATH/Config/Factories.php(188): CodeIgniter\Config\Factories::__callStatic('config', [])
 4 SYSTEMPATH/Common.php(210): CodeIgniter\Config\Factories::get('config', 'Config\\Database')
 5 SYSTEMPATH/Database/Config.php(63): config('Config\\Database')
 6 SYSTEMPATH/Model.php(155): CodeIgniter\Database\Config::connect(null)
 7 APPPATH/Controllers/Users.php(11): CodeIgniter\Model->__construct()
 8 SYSTEMPATH/CodeIgniter.php(933): App\Controllers\Users->index()
 9 SYSTEMPATH/CodeIgniter.php(507): CodeIgniter\CodeIgniter->runController(Object(App\Controllers\Users))
10 SYSTEMPATH/CodeIgniter.php(354): CodeIgniter\CodeIgniter->handleRequest(null, Object(Config\Cache), false)
11 SYSTEMPATH/Boot.php(334): CodeIgniter\CodeIgniter->run()
12 SYSTEMPATH/Boot.php(67): CodeIgniter\Boot::runCodeIgniter(Object(CodeIgniter\CodeIgniter))
13 FCPATH/index.php(56): CodeIgniter\Boot::bootWeb(Object(Config\Paths))
14 SYSTEMPATH/rewrite.php(44): require_once('/var/www/html/empower-brgy/public/index.php')
DEBUG - 2025-04-21 02:56:02 --> Session: Class initialized using 'CodeIgniter\Session\Handlers\FileHandler' driver.
WARNING - 2025-04-21 02:56:03 --> [DEPRECATED] Creation of dynamic property Config\Database::$default is deprecated in APPPATH/Config/Database.php on line 33.
 1 SYSTEMPATH/Config/Factories.php(235): Config\Database->__construct()
 2 SYSTEMPATH/Config/Factories.php(169): CodeIgniter\Config\Factories::createInstance('config', 'Config\\Database', [])
 3 SYSTEMPATH/Config/Factories.php(188): CodeIgniter\Config\Factories::__callStatic('config', [])
 4 SYSTEMPATH/Common.php(210): CodeIgniter\Config\Factories::get('config', 'Config\\Database')
 5 SYSTEMPATH/Database/Config.php(63): config('Config\\Database')
 6 SYSTEMPATH/Model.php(155): CodeIgniter\Database\Config::connect(null)
 7 APPPATH/Controllers/Users.php(139): CodeIgniter\Model->__construct()
 8 SYSTEMPATH/CodeIgniter.php(933): App\Controllers\Users->fetchUsers()
 9 SYSTEMPATH/CodeIgniter.php(507): CodeIgniter\CodeIgniter->runController(Object(App\Controllers\Users))
10 SYSTEMPATH/CodeIgniter.php(354): CodeIgniter\CodeIgniter->handleRequest(null, Object(Config\Cache), false)
11 SYSTEMPATH/Boot.php(334): CodeIgniter\CodeIgniter->run()
12 SYSTEMPATH/Boot.php(67): CodeIgniter\Boot::runCodeIgniter(Object(CodeIgniter\CodeIgniter))
13 FCPATH/index.php(56): CodeIgniter\Boot::bootWeb(Object(Config\Paths))
14 SYSTEMPATH/rewrite.php(44): require_once('/var/www/html/empower-brgy/public/index.php')
WARNING - 2025-04-21 02:56:28 --> [DEPRECATED] Creation of dynamic property Config\Database::$default is deprecated in APPPATH/Config/Database.php on line 33.
 1 SYSTEMPATH/Config/Factories.php(235): Config\Database->__construct()
 2 SYSTEMPATH/Config/Factories.php(169): CodeIgniter\Config\Factories::createInstance('config', 'Config\\Database', [])
 3 SYSTEMPATH/Config/Factories.php(188): CodeIgniter\Config\Factories::__callStatic('config', [])
 4 SYSTEMPATH/Common.php(210): CodeIgniter\Config\Factories::get('config', 'Config\\Database')
 5 SYSTEMPATH/Database/Config.php(63): config('Config\\Database')
 6 SYSTEMPATH/Model.php(155): CodeIgniter\Database\Config::connect(null)
 7 APPPATH/Controllers/Users.php(11): CodeIgniter\Model->__construct()
 8 SYSTEMPATH/CodeIgniter.php(933): App\Controllers\Users->index()
 9 SYSTEMPATH/CodeIgniter.php(507): CodeIgniter\CodeIgniter->runController(Object(App\Controllers\Users))
10 SYSTEMPATH/CodeIgniter.php(354): CodeIgniter\CodeIgniter->handleRequest(null, Object(Config\Cache), false)
11 SYSTEMPATH/Boot.php(334): CodeIgniter\CodeIgniter->run()
12 SYSTEMPATH/Boot.php(67): CodeIgniter\Boot::runCodeIgniter(Object(CodeIgniter\CodeIgniter))
13 FCPATH/index.php(56): CodeIgniter\Boot::bootWeb(Object(Config\Paths))
14 SYSTEMPATH/rewrite.php(44): require_once('/var/www/html/empower-brgy/public/index.php')
DEBUG - 2025-04-21 02:56:28 --> Session: Class initialized using 'CodeIgniter\Session\Handlers\FileHandler' driver.
WARNING - 2025-04-21 02:56:29 --> [DEPRECATED] Creation of dynamic property Config\Database::$default is deprecated in APPPATH/Config/Database.php on line 33.
 1 SYSTEMPATH/Config/Factories.php(235): Config\Database->__construct()
 2 SYSTEMPATH/Config/Factories.php(169): CodeIgniter\Config\Factories::createInstance('config', 'Config\\Database', [])
 3 SYSTEMPATH/Config/Factories.php(188): CodeIgniter\Config\Factories::__callStatic('config', [])
 4 SYSTEMPATH/Common.php(210): CodeIgniter\Config\Factories::get('config', 'Config\\Database')
 5 SYSTEMPATH/Database/Config.php(63): config('Config\\Database')
 6 SYSTEMPATH/Model.php(155): CodeIgniter\Database\Config::connect(null)
 7 APPPATH/Controllers/Users.php(139): CodeIgniter\Model->__construct()
 8 SYSTEMPATH/CodeIgniter.php(933): App\Controllers\Users->fetchUsers()
 9 SYSTEMPATH/CodeIgniter.php(507): CodeIgniter\CodeIgniter->runController(Object(App\Controllers\Users))
10 SYSTEMPATH/CodeIgniter.php(354): CodeIgniter\CodeIgniter->handleRequest(null, Object(Config\Cache), false)
11 SYSTEMPATH/Boot.php(334): CodeIgniter\CodeIgniter->run()
12 SYSTEMPATH/Boot.php(67): CodeIgniter\Boot::runCodeIgniter(Object(CodeIgniter\CodeIgniter))
13 FCPATH/index.php(56): CodeIgniter\Boot::bootWeb(Object(Config\Paths))
14 SYSTEMPATH/rewrite.php(44): require_once('/var/www/html/empower-brgy/public/index.php')
DEBUG - 2025-04-21 02:56:29 --> Session: Class initialized using 'CodeIgniter\Session\Handlers\FileHandler' driver.
DEBUG - 2025-04-21 02:56:31 --> Session: Class initialized using 'CodeIgniter\Session\Handlers\FileHandler' driver.
DEBUG - 2025-04-21 02:56:31 --> Session: Class initialized using 'CodeIgniter\Session\Handlers\FileHandler' driver.
WARNING - 2025-04-21 02:56:31 --> [DEPRECATED] Creation of dynamic property Config\Database::$default is deprecated in APPPATH/Config/Database.php on line 33.
 1 SYSTEMPATH/Config/Factories.php(235): Config\Database->__construct()
 2 SYSTEMPATH/Config/Factories.php(169): CodeIgniter\Config\Factories::createInstance('config', 'Config\\Database', [])
 3 SYSTEMPATH/Config/Factories.php(188): CodeIgniter\Config\Factories::__callStatic('config', [])
 4 SYSTEMPATH/Common.php(210): CodeIgniter\Config\Factories::get('config', 'Config\\Database')
 5 SYSTEMPATH/Database/Config.php(63): config('Config\\Database')
 6 APPPATH/Controllers/Auth.php(104): CodeIgniter\Database\Config::connect()
 7 APPPATH/Controllers/Auth.php(26): App\Controllers\Auth->clearFailedAttempts()
 8 SYSTEMPATH/CodeIgniter.php(933): App\Controllers\Auth->index()
 9 SYSTEMPATH/CodeIgniter.php(507): CodeIgniter\CodeIgniter->runController(Object(App\Controllers\Auth))
10 SYSTEMPATH/CodeIgniter.php(354): CodeIgniter\CodeIgniter->handleRequest(null, Object(Config\Cache), false)
11 SYSTEMPATH/Boot.php(334): CodeIgniter\CodeIgniter->run()
12 SYSTEMPATH/Boot.php(67): CodeIgniter\Boot::runCodeIgniter(Object(CodeIgniter\CodeIgniter))
13 FCPATH/index.php(56): CodeIgniter\Boot::bootWeb(Object(Config\Paths))
14 SYSTEMPATH/rewrite.php(44): require_once('/var/www/html/empower-brgy/public/index.php')
DEBUG - 2025-04-21 02:56:35 --> Session: Class initialized using 'CodeIgniter\Session\Handlers\FileHandler' driver.
WARNING - 2025-04-21 02:56:35 --> [DEPRECATED] Creation of dynamic property Config\Database::$default is deprecated in APPPATH/Config/Database.php on line 33.
 1 SYSTEMPATH/Config/Factories.php(235): Config\Database->__construct()
 2 SYSTEMPATH/Config/Factories.php(169): CodeIgniter\Config\Factories::createInstance('config', 'Config\\Database', [])
 3 SYSTEMPATH/Config/Factories.php(188): CodeIgniter\Config\Factories::__callStatic('config', [])
 4 SYSTEMPATH/Common.php(210): CodeIgniter\Config\Factories::get('config', 'Config\\Database')
 5 SYSTEMPATH/Database/Config.php(63): config('Config\\Database')
 6 SYSTEMPATH/Model.php(155): CodeIgniter\Database\Config::connect(null)
 7 APPPATH/Controllers/Auth.php(35): CodeIgniter\Model->__construct()
 8 SYSTEMPATH/CodeIgniter.php(933): App\Controllers\Auth->auth()
 9 SYSTEMPATH/CodeIgniter.php(507): CodeIgniter\CodeIgniter->runController(Object(App\Controllers\Auth))
10 SYSTEMPATH/CodeIgniter.php(354): CodeIgniter\CodeIgniter->handleRequest(null, Object(Config\Cache), false)
11 SYSTEMPATH/Boot.php(334): CodeIgniter\CodeIgniter->run()
12 SYSTEMPATH/Boot.php(67): CodeIgniter\Boot::runCodeIgniter(Object(CodeIgniter\CodeIgniter))
13 FCPATH/index.php(56): CodeIgniter\Boot::bootWeb(Object(Config\Paths))
14 SYSTEMPATH/rewrite.php(44): require_once('/var/www/html/empower-brgy/public/index.php')
DEBUG - 2025-04-21 02:56:35 --> Session: Class initialized using 'CodeIgniter\Session\Handlers\FileHandler' driver.
WARNING - 2025-04-21 02:56:35 --> [DEPRECATED] Creation of dynamic property Config\Database::$default is deprecated in APPPATH/Config/Database.php on line 33.
 1 SYSTEMPATH/Config/Factories.php(235): Config\Database->__construct()
 2 SYSTEMPATH/Config/Factories.php(169): CodeIgniter\Config\Factories::createInstance('config', 'Config\\Database', [])
 3 SYSTEMPATH/Config/Factories.php(188): CodeIgniter\Config\Factories::__callStatic('config', [])
 4 SYSTEMPATH/Common.php(210): CodeIgniter\Config\Factories::get('config', 'Config\\Database')
 5 SYSTEMPATH/Database/Config.php(63): config('Config\\Database')
 6 APPPATH/Controllers/Auth.php(104): CodeIgniter\Database\Config::connect()
 7 APPPATH/Controllers/Auth.php(26): App\Controllers\Auth->clearFailedAttempts()
 8 SYSTEMPATH/CodeIgniter.php(933): App\Controllers\Auth->index()
 9 SYSTEMPATH/CodeIgniter.php(507): CodeIgniter\CodeIgniter->runController(Object(App\Controllers\Auth))
10 SYSTEMPATH/CodeIgniter.php(354): CodeIgniter\CodeIgniter->handleRequest(null, Object(Config\Cache), false)
11 SYSTEMPATH/Boot.php(334): CodeIgniter\CodeIgniter->run()
12 SYSTEMPATH/Boot.php(67): CodeIgniter\Boot::runCodeIgniter(Object(CodeIgniter\CodeIgniter))
13 FCPATH/index.php(56): CodeIgniter\Boot::bootWeb(Object(Config\Paths))
14 SYSTEMPATH/rewrite.php(44): require_once('/var/www/html/empower-brgy/public/index.php')
DEBUG - 2025-04-21 03:06:48 --> Session: Class initialized using 'CodeIgniter\Session\Handlers\FileHandler' driver.
WARNING - 2025-04-21 03:06:48 --> [DEPRECATED] Creation of dynamic property Config\Database::$default is deprecated in APPPATH/Config/Database.php on line 33.
 1 SYSTEMPATH/Config/Factories.php(235): Config\Database->__construct()
 2 SYSTEMPATH/Config/Factories.php(169): CodeIgniter\Config\Factories::createInstance('config', 'Config\\Database', [])
 3 SYSTEMPATH/Config/Factories.php(188): CodeIgniter\Config\Factories::__callStatic('config', [])
 4 SYSTEMPATH/Common.php(210): CodeIgniter\Config\Factories::get('config', 'Config\\Database')
 5 SYSTEMPATH/Database/Config.php(63): config('Config\\Database')
 6 APPPATH/Controllers/Auth.php(104): CodeIgniter\Database\Config::connect()
 7 APPPATH/Controllers/Auth.php(26): App\Controllers\Auth->clearFailedAttempts()
 8 SYSTEMPATH/CodeIgniter.php(933): App\Controllers\Auth->index()
 9 SYSTEMPATH/CodeIgniter.php(507): CodeIgniter\CodeIgniter->runController(Object(App\Controllers\Auth))
10 SYSTEMPATH/CodeIgniter.php(354): CodeIgniter\CodeIgniter->handleRequest(null, Object(Config\Cache), false)
11 SYSTEMPATH/Boot.php(334): CodeIgniter\CodeIgniter->run()
12 SYSTEMPATH/Boot.php(67): CodeIgniter\Boot::runCodeIgniter(Object(CodeIgniter\CodeIgniter))
13 FCPATH/index.php(56): CodeIgniter\Boot::bootWeb(Object(Config\Paths))
14 SYSTEMPATH/rewrite.php(44): require_once('/var/www/html/empower-brgy/public/index.php')
DEBUG - 2025-04-21 03:06:48 --> Session: Class initialized using 'CodeIgniter\Session\Handlers\FileHandler' driver.
WARNING - 2025-04-21 03:06:48 --> [DEPRECATED] Creation of dynamic property Config\Database::$default is deprecated in APPPATH/Config/Database.php on line 33.
 1 SYSTEMPATH/Config/Factories.php(235): Config\Database->__construct()
 2 SYSTEMPATH/Config/Factories.php(169): CodeIgniter\Config\Factories::createInstance('config', 'Config\\Database', [])
 3 SYSTEMPATH/Config/Factories.php(188): CodeIgniter\Config\Factories::__callStatic('config', [])
 4 SYSTEMPATH/Common.php(210): CodeIgniter\Config\Factories::get('config', 'Config\\Database')
 5 SYSTEMPATH/Database/Config.php(63): config('Config\\Database')
 6 APPPATH/Controllers/Auth.php(104): CodeIgniter\Database\Config::connect()
 7 APPPATH/Controllers/Auth.php(26): App\Controllers\Auth->clearFailedAttempts()
 8 SYSTEMPATH/CodeIgniter.php(933): App\Controllers\Auth->index()
 9 SYSTEMPATH/CodeIgniter.php(507): CodeIgniter\CodeIgniter->runController(Object(App\Controllers\Auth))
10 SYSTEMPATH/CodeIgniter.php(354): CodeIgniter\CodeIgniter->handleRequest(null, Object(Config\Cache), false)
11 SYSTEMPATH/Boot.php(334): CodeIgniter\CodeIgniter->run()
12 SYSTEMPATH/Boot.php(67): CodeIgniter\Boot::runCodeIgniter(Object(CodeIgniter\CodeIgniter))
13 FCPATH/index.php(56): CodeIgniter\Boot::bootWeb(Object(Config\Paths))
14 SYSTEMPATH/rewrite.php(44): require_once('/var/www/html/empower-brgy/public/index.php')
DEBUG - 2025-04-21 03:06:53 --> Session: Class initialized using 'CodeIgniter\Session\Handlers\FileHandler' driver.
WARNING - 2025-04-21 03:06:53 --> [DEPRECATED] Creation of dynamic property Config\Database::$default is deprecated in APPPATH/Config/Database.php on line 33.
 1 SYSTEMPATH/Config/Factories.php(235): Config\Database->__construct()
 2 SYSTEMPATH/Config/Factories.php(169): CodeIgniter\Config\Factories::createInstance('config', 'Config\\Database', [])
 3 SYSTEMPATH/Config/Factories.php(188): CodeIgniter\Config\Factories::__callStatic('config', [])
 4 SYSTEMPATH/Common.php(210): CodeIgniter\Config\Factories::get('config', 'Config\\Database')
 5 SYSTEMPATH/Database/Config.php(63): config('Config\\Database')
 6 SYSTEMPATH/Model.php(155): CodeIgniter\Database\Config::connect(null)
 7 APPPATH/Controllers/Auth.php(35): CodeIgniter\Model->__construct()
 8 SYSTEMPATH/CodeIgniter.php(933): App\Controllers\Auth->auth()
 9 SYSTEMPATH/CodeIgniter.php(507): CodeIgniter\CodeIgniter->runController(Object(App\Controllers\Auth))
10 SYSTEMPATH/CodeIgniter.php(354): CodeIgniter\CodeIgniter->handleRequest(null, Object(Config\Cache), false)
11 SYSTEMPATH/Boot.php(334): CodeIgniter\CodeIgniter->run()
12 SYSTEMPATH/Boot.php(67): CodeIgniter\Boot::runCodeIgniter(Object(CodeIgniter\CodeIgniter))
13 FCPATH/index.php(56): CodeIgniter\Boot::bootWeb(Object(Config\Paths))
14 SYSTEMPATH/rewrite.php(44): require_once('/var/www/html/empower-brgy/public/index.php')
DEBUG - 2025-04-21 03:06:53 --> Session: Class initialized using 'CodeIgniter\Session\Handlers\FileHandler' driver.
WARNING - 2025-04-21 03:06:54 --> [DEPRECATED] Creation of dynamic property Config\Database::$default is deprecated in APPPATH/Config/Database.php on line 33.
 1 SYSTEMPATH/Config/Factories.php(235): Config\Database->__construct()
 2 SYSTEMPATH/Config/Factories.php(169): CodeIgniter\Config\Factories::createInstance('config', 'Config\\Database', [])
 3 SYSTEMPATH/Config/Factories.php(188): CodeIgniter\Config\Factories::__callStatic('config', [])
 4 SYSTEMPATH/Common.php(210): CodeIgniter\Config\Factories::get('config', 'Config\\Database')
 5 SYSTEMPATH/Database/Config.php(63): config('Config\\Database')
 6 SYSTEMPATH/Model.php(155): CodeIgniter\Database\Config::connect(null)
 7 APPPATH/Controllers/Users.php(11): CodeIgniter\Model->__construct()
 8 SYSTEMPATH/CodeIgniter.php(933): App\Controllers\Users->index()
 9 SYSTEMPATH/CodeIgniter.php(507): CodeIgniter\CodeIgniter->runController(Object(App\Controllers\Users))
10 SYSTEMPATH/CodeIgniter.php(354): CodeIgniter\CodeIgniter->handleRequest(null, Object(Config\Cache), false)
11 SYSTEMPATH/Boot.php(334): CodeIgniter\CodeIgniter->run()
12 SYSTEMPATH/Boot.php(67): CodeIgniter\Boot::runCodeIgniter(Object(CodeIgniter\CodeIgniter))
13 FCPATH/index.php(56): CodeIgniter\Boot::bootWeb(Object(Config\Paths))
14 SYSTEMPATH/rewrite.php(44): require_once('/var/www/html/empower-brgy/public/index.php')
DEBUG - 2025-04-21 03:06:54 --> Session: Class initialized using 'CodeIgniter\Session\Handlers\FileHandler' driver.
WARNING - 2025-04-21 03:06:54 --> [DEPRECATED] Creation of dynamic property Config\Database::$default is deprecated in APPPATH/Config/Database.php on line 33.
 1 SYSTEMPATH/Config/Factories.php(235): Config\Database->__construct()
 2 SYSTEMPATH/Config/Factories.php(169): CodeIgniter\Config\Factories::createInstance('config', 'Config\\Database', [])
 3 SYSTEMPATH/Config/Factories.php(188): CodeIgniter\Config\Factories::__callStatic('config', [])
 4 SYSTEMPATH/Common.php(210): CodeIgniter\Config\Factories::get('config', 'Config\\Database')
 5 SYSTEMPATH/Database/Config.php(63): config('Config\\Database')
 6 SYSTEMPATH/Model.php(155): CodeIgniter\Database\Config::connect(null)
 7 APPPATH/Controllers/Users.php(139): CodeIgniter\Model->__construct()
 8 SYSTEMPATH/CodeIgniter.php(933): App\Controllers\Users->fetchUsers()
 9 SYSTEMPATH/CodeIgniter.php(507): CodeIgniter\CodeIgniter->runController(Object(App\Controllers\Users))
10 SYSTEMPATH/CodeIgniter.php(354): CodeIgniter\CodeIgniter->handleRequest(null, Object(Config\Cache), false)
11 SYSTEMPATH/Boot.php(334): CodeIgniter\CodeIgniter->run()
12 SYSTEMPATH/Boot.php(67): CodeIgniter\Boot::runCodeIgniter(Object(CodeIgniter\CodeIgniter))
13 FCPATH/index.php(56): CodeIgniter\Boot::bootWeb(Object(Config\Paths))
14 SYSTEMPATH/rewrite.php(44): require_once('/var/www/html/empower-brgy/public/index.php')
DEBUG - 2025-04-21 03:06:55 --> Session: Class initialized using 'CodeIgniter\Session\Handlers\FileHandler' driver.
DEBUG - 2025-04-21 03:06:55 --> Session: Class initialized using 'CodeIgniter\Session\Handlers\FileHandler' driver.
WARNING - 2025-04-21 03:06:55 --> [DEPRECATED] Creation of dynamic property Config\Database::$default is deprecated in APPPATH/Config/Database.php on line 33.
 1 SYSTEMPATH/Config/Factories.php(235): Config\Database->__construct()
 2 SYSTEMPATH/Config/Factories.php(169): CodeIgniter\Config\Factories::createInstance('config', 'Config\\Database', [])
 3 SYSTEMPATH/Config/Factories.php(188): CodeIgniter\Config\Factories::__callStatic('config', [])
 4 SYSTEMPATH/Common.php(210): CodeIgniter\Config\Factories::get('config', 'Config\\Database')
 5 SYSTEMPATH/Database/Config.php(63): config('Config\\Database')
 6 APPPATH/Controllers/Auth.php(104): CodeIgniter\Database\Config::connect()
 7 APPPATH/Controllers/Auth.php(26): App\Controllers\Auth->clearFailedAttempts()
 8 SYSTEMPATH/CodeIgniter.php(933): App\Controllers\Auth->index()
 9 SYSTEMPATH/CodeIgniter.php(507): CodeIgniter\CodeIgniter->runController(Object(App\Controllers\Auth))
10 SYSTEMPATH/CodeIgniter.php(354): CodeIgniter\CodeIgniter->handleRequest(null, Object(Config\Cache), false)
11 SYSTEMPATH/Boot.php(334): CodeIgniter\CodeIgniter->run()
12 SYSTEMPATH/Boot.php(67): CodeIgniter\Boot::runCodeIgniter(Object(CodeIgniter\CodeIgniter))
13 FCPATH/index.php(56): CodeIgniter\Boot::bootWeb(Object(Config\Paths))
14 SYSTEMPATH/rewrite.php(44): require_once('/var/www/html/empower-brgy/public/index.php')
DEBUG - 2025-04-21 03:14:16 --> Session: Class initialized using 'CodeIgniter\Session\Handlers\FileHandler' driver.
WARNING - 2025-04-21 03:14:16 --> [DEPRECATED] Creation of dynamic property Config\Database::$default is deprecated in APPPATH/Config/Database.php on line 33.
 1 SYSTEMPATH/Config/Factories.php(235): Config\Database->__construct()
 2 SYSTEMPATH/Config/Factories.php(169): CodeIgniter\Config\Factories::createInstance('config', 'Config\\Database', [])
 3 SYSTEMPATH/Config/Factories.php(188): CodeIgniter\Config\Factories::__callStatic('config', [])
 4 SYSTEMPATH/Common.php(210): CodeIgniter\Config\Factories::get('config', 'Config\\Database')
 5 SYSTEMPATH/Database/Config.php(63): config('Config\\Database')
 6 APPPATH/Controllers/Auth.php(104): CodeIgniter\Database\Config::connect()
 7 APPPATH/Controllers/Auth.php(26): App\Controllers\Auth->clearFailedAttempts()
 8 SYSTEMPATH/CodeIgniter.php(933): App\Controllers\Auth->index()
 9 SYSTEMPATH/CodeIgniter.php(507): CodeIgniter\CodeIgniter->runController(Object(App\Controllers\Auth))
10 SYSTEMPATH/CodeIgniter.php(354): CodeIgniter\CodeIgniter->handleRequest(null, Object(Config\Cache), false)
11 SYSTEMPATH/Boot.php(334): CodeIgniter\CodeIgniter->run()
12 SYSTEMPATH/Boot.php(67): CodeIgniter\Boot::runCodeIgniter(Object(CodeIgniter\CodeIgniter))
13 FCPATH/index.php(56): CodeIgniter\Boot::bootWeb(Object(Config\Paths))
14 SYSTEMPATH/rewrite.php(44): require_once('/var/www/html/empower-brgy/public/index.php')
DEBUG - 2025-04-21 03:19:13 --> Session: Class initialized using 'CodeIgniter\Session\Handlers\FileHandler' driver.
WARNING - 2025-04-21 03:19:13 --> [DEPRECATED] Creation of dynamic property Config\Database::$default is deprecated in APPPATH/Config/Database.php on line 33.
 1 SYSTEMPATH/Config/Factories.php(235): Config\Database->__construct()
 2 SYSTEMPATH/Config/Factories.php(169): CodeIgniter\Config\Factories::createInstance('config', 'Config\\Database', [])
 3 SYSTEMPATH/Config/Factories.php(188): CodeIgniter\Config\Factories::__callStatic('config', [])
 4 SYSTEMPATH/Common.php(210): CodeIgniter\Config\Factories::get('config', 'Config\\Database')
 5 SYSTEMPATH/Database/Config.php(63): config('Config\\Database')
 6 APPPATH/Controllers/Auth.php(104): CodeIgniter\Database\Config::connect()
 7 APPPATH/Controllers/Auth.php(26): App\Controllers\Auth->clearFailedAttempts()
 8 SYSTEMPATH/CodeIgniter.php(933): App\Controllers\Auth->index()
 9 SYSTEMPATH/CodeIgniter.php(507): CodeIgniter\CodeIgniter->runController(Object(App\Controllers\Auth))
10 SYSTEMPATH/CodeIgniter.php(354): CodeIgniter\CodeIgniter->handleRequest(null, Object(Config\Cache), false)
11 SYSTEMPATH/Boot.php(334): CodeIgniter\CodeIgniter->run()
12 SYSTEMPATH/Boot.php(67): CodeIgniter\Boot::runCodeIgniter(Object(CodeIgniter\CodeIgniter))
13 FCPATH/index.php(56): CodeIgniter\Boot::bootWeb(Object(Config\Paths))
14 SYSTEMPATH/rewrite.php(44): require_once('/var/www/html/empower-brgy/public/index.php')
DEBUG - 2025-04-21 03:19:54 --> Session: Class initialized using 'CodeIgniter\Session\Handlers\FileHandler' driver.
WARNING - 2025-04-21 03:19:54 --> [DEPRECATED] Creation of dynamic property Config\Database::$default is deprecated in APPPATH/Config/Database.php on line 33.
 1 SYSTEMPATH/Config/Factories.php(235): Config\Database->__construct()
 2 SYSTEMPATH/Config/Factories.php(169): CodeIgniter\Config\Factories::createInstance('config', 'Config\\Database', [])
 3 SYSTEMPATH/Config/Factories.php(188): CodeIgniter\Config\Factories::__callStatic('config', [])
 4 SYSTEMPATH/Common.php(210): CodeIgniter\Config\Factories::get('config', 'Config\\Database')
 5 SYSTEMPATH/Database/Config.php(63): config('Config\\Database')
 6 SYSTEMPATH/Model.php(155): CodeIgniter\Database\Config::connect(null)
 7 APPPATH/Controllers/Auth.php(35): CodeIgniter\Model->__construct()
 8 SYSTEMPATH/CodeIgniter.php(933): App\Controllers\Auth->auth()
 9 SYSTEMPATH/CodeIgniter.php(507): CodeIgniter\CodeIgniter->runController(Object(App\Controllers\Auth))
10 SYSTEMPATH/CodeIgniter.php(354): CodeIgniter\CodeIgniter->handleRequest(null, Object(Config\Cache), false)
11 SYSTEMPATH/Boot.php(334): CodeIgniter\CodeIgniter->run()
12 SYSTEMPATH/Boot.php(67): CodeIgniter\Boot::runCodeIgniter(Object(CodeIgniter\CodeIgniter))
13 FCPATH/index.php(56): CodeIgniter\Boot::bootWeb(Object(Config\Paths))
14 SYSTEMPATH/rewrite.php(44): require_once('/var/www/html/empower-brgy/public/index.php')
DEBUG - 2025-04-21 03:19:54 --> Session: Class initialized using 'CodeIgniter\Session\Handlers\FileHandler' driver.
WARNING - 2025-04-21 03:19:56 --> [DEPRECATED] Creation of dynamic property Config\Database::$default is deprecated in APPPATH/Config/Database.php on line 33.
 1 SYSTEMPATH/Config/Factories.php(235): Config\Database->__construct()
 2 SYSTEMPATH/Config/Factories.php(169): CodeIgniter\Config\Factories::createInstance('config', 'Config\\Database', [])
 3 SYSTEMPATH/Config/Factories.php(188): CodeIgniter\Config\Factories::__callStatic('config', [])
 4 SYSTEMPATH/Common.php(210): CodeIgniter\Config\Factories::get('config', 'Config\\Database')
 5 SYSTEMPATH/Database/Config.php(63): config('Config\\Database')
 6 SYSTEMPATH/Model.php(155): CodeIgniter\Database\Config::connect(null)
 7 APPPATH/Controllers/Users.php(11): CodeIgniter\Model->__construct()
 8 SYSTEMPATH/CodeIgniter.php(933): App\Controllers\Users->index()
 9 SYSTEMPATH/CodeIgniter.php(507): CodeIgniter\CodeIgniter->runController(Object(App\Controllers\Users))
10 SYSTEMPATH/CodeIgniter.php(354): CodeIgniter\CodeIgniter->handleRequest(null, Object(Config\Cache), false)
11 SYSTEMPATH/Boot.php(334): CodeIgniter\CodeIgniter->run()
12 SYSTEMPATH/Boot.php(67): CodeIgniter\Boot::runCodeIgniter(Object(CodeIgniter\CodeIgniter))
13 FCPATH/index.php(56): CodeIgniter\Boot::bootWeb(Object(Config\Paths))
14 SYSTEMPATH/rewrite.php(44): require_once('/var/www/html/empower-brgy/public/index.php')
DEBUG - 2025-04-21 03:19:56 --> Session: Class initialized using 'CodeIgniter\Session\Handlers\FileHandler' driver.
WARNING - 2025-04-21 03:19:56 --> [DEPRECATED] Creation of dynamic property Config\Database::$default is deprecated in APPPATH/Config/Database.php on line 33.
 1 SYSTEMPATH/Config/Factories.php(235): Config\Database->__construct()
 2 SYSTEMPATH/Config/Factories.php(169): CodeIgniter\Config\Factories::createInstance('config', 'Config\\Database', [])
 3 SYSTEMPATH/Config/Factories.php(188): CodeIgniter\Config\Factories::__callStatic('config', [])
 4 SYSTEMPATH/Common.php(210): CodeIgniter\Config\Factories::get('config', 'Config\\Database')
 5 SYSTEMPATH/Database/Config.php(63): config('Config\\Database')
 6 SYSTEMPATH/Model.php(155): CodeIgniter\Database\Config::connect(null)
 7 APPPATH/Controllers/Users.php(139): CodeIgniter\Model->__construct()
 8 SYSTEMPATH/CodeIgniter.php(933): App\Controllers\Users->fetchUsers()
 9 SYSTEMPATH/CodeIgniter.php(507): CodeIgniter\CodeIgniter->runController(Object(App\Controllers\Users))
10 SYSTEMPATH/CodeIgniter.php(354): CodeIgniter\CodeIgniter->handleRequest(null, Object(Config\Cache), false)
11 SYSTEMPATH/Boot.php(334): CodeIgniter\CodeIgniter->run()
12 SYSTEMPATH/Boot.php(67): CodeIgniter\Boot::runCodeIgniter(Object(CodeIgniter\CodeIgniter))
13 FCPATH/index.php(56): CodeIgniter\Boot::bootWeb(Object(Config\Paths))
14 SYSTEMPATH/rewrite.php(44): require_once('/var/www/html/empower-brgy/public/index.php')
WARNING - 2025-04-21 03:19:57 --> [DEPRECATED] Creation of dynamic property Config\Database::$default is deprecated in APPPATH/Config/Database.php on line 33.
 1 SYSTEMPATH/Config/Factories.php(235): Config\Database->__construct()
 2 SYSTEMPATH/Config/Factories.php(169): CodeIgniter\Config\Factories::createInstance('config', 'Config\\Database', [])
 3 SYSTEMPATH/Config/Factories.php(188): CodeIgniter\Config\Factories::__callStatic('config', [])
 4 SYSTEMPATH/Common.php(210): CodeIgniter\Config\Factories::get('config', 'Config\\Database')
 5 SYSTEMPATH/Database/Config.php(63): config('Config\\Database')
 6 SYSTEMPATH/Model.php(155): CodeIgniter\Database\Config::connect(null)
 7 APPPATH/Controllers/Users.php(111): CodeIgniter\Model->__construct()
 8 SYSTEMPATH/CodeIgniter.php(933): App\Controllers\Users->edit('1')
 9 SYSTEMPATH/CodeIgniter.php(507): CodeIgniter\CodeIgniter->runController(Object(App\Controllers\Users))
10 SYSTEMPATH/CodeIgniter.php(354): CodeIgniter\CodeIgniter->handleRequest(null, Object(Config\Cache), false)
11 SYSTEMPATH/Boot.php(334): CodeIgniter\CodeIgniter->run()
12 SYSTEMPATH/Boot.php(67): CodeIgniter\Boot::runCodeIgniter(Object(CodeIgniter\CodeIgniter))
13 FCPATH/index.php(56): CodeIgniter\Boot::bootWeb(Object(Config\Paths))
14 SYSTEMPATH/rewrite.php(44): require_once('/var/www/html/empower-brgy/public/index.php')
DEBUG - 2025-04-21 03:20:01 --> Session: Class initialized using 'CodeIgniter\Session\Handlers\FileHandler' driver.
DEBUG - 2025-04-21 03:20:01 --> Session: Class initialized using 'CodeIgniter\Session\Handlers\FileHandler' driver.
WARNING - 2025-04-21 03:20:01 --> [DEPRECATED] Creation of dynamic property Config\Database::$default is deprecated in APPPATH/Config/Database.php on line 33.
 1 SYSTEMPATH/Config/Factories.php(235): Config\Database->__construct()
 2 SYSTEMPATH/Config/Factories.php(169): CodeIgniter\Config\Factories::createInstance('config', 'Config\\Database', [])
 3 SYSTEMPATH/Config/Factories.php(188): CodeIgniter\Config\Factories::__callStatic('config', [])
 4 SYSTEMPATH/Common.php(210): CodeIgniter\Config\Factories::get('config', 'Config\\Database')
 5 SYSTEMPATH/Database/Config.php(63): config('Config\\Database')
 6 APPPATH/Controllers/Auth.php(104): CodeIgniter\Database\Config::connect()
 7 APPPATH/Controllers/Auth.php(26): App\Controllers\Auth->clearFailedAttempts()
 8 SYSTEMPATH/CodeIgniter.php(933): App\Controllers\Auth->index()
 9 SYSTEMPATH/CodeIgniter.php(507): CodeIgniter\CodeIgniter->runController(Object(App\Controllers\Auth))
10 SYSTEMPATH/CodeIgniter.php(354): CodeIgniter\CodeIgniter->handleRequest(null, Object(Config\Cache), false)
11 SYSTEMPATH/Boot.php(334): CodeIgniter\CodeIgniter->run()
12 SYSTEMPATH/Boot.php(67): CodeIgniter\Boot::runCodeIgniter(Object(CodeIgniter\CodeIgniter))
13 FCPATH/index.php(56): CodeIgniter\Boot::bootWeb(Object(Config\Paths))
14 SYSTEMPATH/rewrite.php(44): require_once('/var/www/html/empower-brgy/public/index.php')
DEBUG - 2025-04-21 04:43:52 --> Session: Class initialized using 'CodeIgniter\Session\Handlers\FileHandler' driver.
WARNING - 2025-04-21 04:43:52 --> [DEPRECATED] Creation of dynamic property Config\Database::$default is deprecated in APPPATH/Config/Database.php on line 33.
 1 SYSTEMPATH/Config/Factories.php(235): Config\Database->__construct()
 2 SYSTEMPATH/Config/Factories.php(169): CodeIgniter\Config\Factories::createInstance('config', 'Config\\Database', [])
 3 SYSTEMPATH/Config/Factories.php(188): CodeIgniter\Config\Factories::__callStatic('config', [])
 4 SYSTEMPATH/Common.php(210): CodeIgniter\Config\Factories::get('config', 'Config\\Database')
 5 SYSTEMPATH/Database/Config.php(63): config('Config\\Database')
 6 APPPATH/Controllers/Auth.php(104): CodeIgniter\Database\Config::connect()
 7 APPPATH/Controllers/Auth.php(26): App\Controllers\Auth->clearFailedAttempts()
 8 SYSTEMPATH/CodeIgniter.php(933): App\Controllers\Auth->index()
 9 SYSTEMPATH/CodeIgniter.php(507): CodeIgniter\CodeIgniter->runController(Object(App\Controllers\Auth))
10 SYSTEMPATH/CodeIgniter.php(354): CodeIgniter\CodeIgniter->handleRequest(null, Object(Config\Cache), false)
11 SYSTEMPATH/Boot.php(334): CodeIgniter\CodeIgniter->run()
12 SYSTEMPATH/Boot.php(67): CodeIgniter\Boot::runCodeIgniter(Object(CodeIgniter\CodeIgniter))
13 FCPATH/index.php(56): CodeIgniter\Boot::bootWeb(Object(Config\Paths))
14 SYSTEMPATH/rewrite.php(44): require_once('/var/www/html/empower-brgy/public/index.php')
DEBUG - 2025-04-21 04:43:56 --> Session: Class initialized using 'CodeIgniter\Session\Handlers\FileHandler' driver.
WARNING - 2025-04-21 04:43:56 --> [DEPRECATED] Creation of dynamic property Config\Database::$default is deprecated in APPPATH/Config/Database.php on line 33.
 1 SYSTEMPATH/Config/Factories.php(235): Config\Database->__construct()
 2 SYSTEMPATH/Config/Factories.php(169): CodeIgniter\Config\Factories::createInstance('config', 'Config\\Database', [])
 3 SYSTEMPATH/Config/Factories.php(188): CodeIgniter\Config\Factories::__callStatic('config', [])
 4 SYSTEMPATH/Common.php(210): CodeIgniter\Config\Factories::get('config', 'Config\\Database')
 5 SYSTEMPATH/Database/Config.php(63): config('Config\\Database')
 6 SYSTEMPATH/Model.php(155): CodeIgniter\Database\Config::connect(null)
 7 APPPATH/Controllers/Auth.php(35): CodeIgniter\Model->__construct()
 8 SYSTEMPATH/CodeIgniter.php(933): App\Controllers\Auth->auth()
 9 SYSTEMPATH/CodeIgniter.php(507): CodeIgniter\CodeIgniter->runController(Object(App\Controllers\Auth))
10 SYSTEMPATH/CodeIgniter.php(354): CodeIgniter\CodeIgniter->handleRequest(null, Object(Config\Cache), false)
11 SYSTEMPATH/Boot.php(334): CodeIgniter\CodeIgniter->run()
12 SYSTEMPATH/Boot.php(67): CodeIgniter\Boot::runCodeIgniter(Object(CodeIgniter\CodeIgniter))
13 FCPATH/index.php(56): CodeIgniter\Boot::bootWeb(Object(Config\Paths))
14 SYSTEMPATH/rewrite.php(44): require_once('/var/www/html/empower-brgy/public/index.php')
DEBUG - 2025-04-21 04:43:56 --> Session: Class initialized using 'CodeIgniter\Session\Handlers\FileHandler' driver.
WARNING - 2025-04-21 04:43:57 --> [DEPRECATED] Creation of dynamic property Config\Database::$default is deprecated in APPPATH/Config/Database.php on line 33.
 1 SYSTEMPATH/Config/Factories.php(235): Config\Database->__construct()
 2 SYSTEMPATH/Config/Factories.php(169): CodeIgniter\Config\Factories::createInstance('config', 'Config\\Database', [])
 3 SYSTEMPATH/Config/Factories.php(188): CodeIgniter\Config\Factories::__callStatic('config', [])
 4 SYSTEMPATH/Common.php(210): CodeIgniter\Config\Factories::get('config', 'Config\\Database')
 5 SYSTEMPATH/Database/Config.php(63): config('Config\\Database')
 6 SYSTEMPATH/Model.php(155): CodeIgniter\Database\Config::connect(null)
 7 APPPATH/Controllers/Users.php(11): CodeIgniter\Model->__construct()
 8 SYSTEMPATH/CodeIgniter.php(933): App\Controllers\Users->index()
 9 SYSTEMPATH/CodeIgniter.php(507): CodeIgniter\CodeIgniter->runController(Object(App\Controllers\Users))
10 SYSTEMPATH/CodeIgniter.php(354): CodeIgniter\CodeIgniter->handleRequest(null, Object(Config\Cache), false)
11 SYSTEMPATH/Boot.php(334): CodeIgniter\CodeIgniter->run()
12 SYSTEMPATH/Boot.php(67): CodeIgniter\Boot::runCodeIgniter(Object(CodeIgniter\CodeIgniter))
13 FCPATH/index.php(56): CodeIgniter\Boot::bootWeb(Object(Config\Paths))
14 SYSTEMPATH/rewrite.php(44): require_once('/var/www/html/empower-brgy/public/index.php')
DEBUG - 2025-04-21 04:43:57 --> Session: Class initialized using 'CodeIgniter\Session\Handlers\FileHandler' driver.
WARNING - 2025-04-21 04:43:57 --> [DEPRECATED] Creation of dynamic property Config\Database::$default is deprecated in APPPATH/Config/Database.php on line 33.
 1 SYSTEMPATH/Config/Factories.php(235): Config\Database->__construct()
 2 SYSTEMPATH/Config/Factories.php(169): CodeIgniter\Config\Factories::createInstance('config', 'Config\\Database', [])
 3 SYSTEMPATH/Config/Factories.php(188): CodeIgniter\Config\Factories::__callStatic('config', [])
 4 SYSTEMPATH/Common.php(210): CodeIgniter\Config\Factories::get('config', 'Config\\Database')
 5 SYSTEMPATH/Database/Config.php(63): config('Config\\Database')
 6 SYSTEMPATH/Model.php(155): CodeIgniter\Database\Config::connect(null)
 7 APPPATH/Controllers/Users.php(139): CodeIgniter\Model->__construct()
 8 SYSTEMPATH/CodeIgniter.php(933): App\Controllers\Users->fetchUsers()
 9 SYSTEMPATH/CodeIgniter.php(507): CodeIgniter\CodeIgniter->runController(Object(App\Controllers\Users))
10 SYSTEMPATH/CodeIgniter.php(354): CodeIgniter\CodeIgniter->handleRequest(null, Object(Config\Cache), false)
11 SYSTEMPATH/Boot.php(334): CodeIgniter\CodeIgniter->run()
12 SYSTEMPATH/Boot.php(67): CodeIgniter\Boot::runCodeIgniter(Object(CodeIgniter\CodeIgniter))
13 FCPATH/index.php(56): CodeIgniter\Boot::bootWeb(Object(Config\Paths))
14 SYSTEMPATH/rewrite.php(44): require_once('/var/www/html/empower-brgy/public/index.php')
DEBUG - 2025-04-21 04:43:58 --> Session: Class initialized using 'CodeIgniter\Session\Handlers\FileHandler' driver.
DEBUG - 2025-04-21 04:43:58 --> Session: Class initialized using 'CodeIgniter\Session\Handlers\FileHandler' driver.
WARNING - 2025-04-21 04:43:58 --> [DEPRECATED] Creation of dynamic property Config\Database::$default is deprecated in APPPATH/Config/Database.php on line 33.
 1 SYSTEMPATH/Config/Factories.php(235): Config\Database->__construct()
 2 SYSTEMPATH/Config/Factories.php(169): CodeIgniter\Config\Factories::createInstance('config', 'Config\\Database', [])
 3 SYSTEMPATH/Config/Factories.php(188): CodeIgniter\Config\Factories::__callStatic('config', [])
 4 SYSTEMPATH/Common.php(210): CodeIgniter\Config\Factories::get('config', 'Config\\Database')
 5 SYSTEMPATH/Database/Config.php(63): config('Config\\Database')
 6 APPPATH/Controllers/Auth.php(104): CodeIgniter\Database\Config::connect()
 7 APPPATH/Controllers/Auth.php(26): App\Controllers\Auth->clearFailedAttempts()
 8 SYSTEMPATH/CodeIgniter.php(933): App\Controllers\Auth->index()
 9 SYSTEMPATH/CodeIgniter.php(507): CodeIgniter\CodeIgniter->runController(Object(App\Controllers\Auth))
10 SYSTEMPATH/CodeIgniter.php(354): CodeIgniter\CodeIgniter->handleRequest(null, Object(Config\Cache), false)
11 SYSTEMPATH/Boot.php(334): CodeIgniter\CodeIgniter->run()
12 SYSTEMPATH/Boot.php(67): CodeIgniter\Boot::runCodeIgniter(Object(CodeIgniter\CodeIgniter))
13 FCPATH/index.php(56): CodeIgniter\Boot::bootWeb(Object(Config\Paths))
14 SYSTEMPATH/rewrite.php(44): require_once('/var/www/html/empower-brgy/public/index.php')
DEBUG - 2025-04-21 04:52:06 --> Session: Class initialized using 'CodeIgniter\Session\Handlers\FileHandler' driver.
WARNING - 2025-04-21 04:52:06 --> [DEPRECATED] Creation of dynamic property Config\Database::$default is deprecated in APPPATH/Config/Database.php on line 33.
 1 SYSTEMPATH/Config/Factories.php(235): Config\Database->__construct()
 2 SYSTEMPATH/Config/Factories.php(169): CodeIgniter\Config\Factories::createInstance('config', 'Config\\Database', [])
 3 SYSTEMPATH/Config/Factories.php(188): CodeIgniter\Config\Factories::__callStatic('config', [])
 4 SYSTEMPATH/Common.php(210): CodeIgniter\Config\Factories::get('config', 'Config\\Database')
 5 SYSTEMPATH/Database/Config.php(63): config('Config\\Database')
 6 SYSTEMPATH/Model.php(155): CodeIgniter\Database\Config::connect(null)
 7 APPPATH/Controllers/Auth.php(35): CodeIgniter\Model->__construct()
 8 SYSTEMPATH/CodeIgniter.php(933): App\Controllers\Auth->auth()
 9 SYSTEMPATH/CodeIgniter.php(507): CodeIgniter\CodeIgniter->runController(Object(App\Controllers\Auth))
10 SYSTEMPATH/CodeIgniter.php(354): CodeIgniter\CodeIgniter->handleRequest(null, Object(Config\Cache), false)
11 SYSTEMPATH/Boot.php(334): CodeIgniter\CodeIgniter->run()
12 SYSTEMPATH/Boot.php(67): CodeIgniter\Boot::runCodeIgniter(Object(CodeIgniter\CodeIgniter))
13 FCPATH/index.php(56): CodeIgniter\Boot::bootWeb(Object(Config\Paths))
14 SYSTEMPATH/rewrite.php(44): require_once('/var/www/html/empower-brgy/public/index.php')
DEBUG - 2025-04-21 04:52:06 --> Session: Class initialized using 'CodeIgniter\Session\Handlers\FileHandler' driver.
WARNING - 2025-04-21 04:52:08 --> [DEPRECATED] Creation of dynamic property Config\Database::$default is deprecated in APPPATH/Config/Database.php on line 33.
 1 SYSTEMPATH/Config/Factories.php(235): Config\Database->__construct()
 2 SYSTEMPATH/Config/Factories.php(169): CodeIgniter\Config\Factories::createInstance('config', 'Config\\Database', [])
 3 SYSTEMPATH/Config/Factories.php(188): CodeIgniter\Config\Factories::__callStatic('config', [])
 4 SYSTEMPATH/Common.php(210): CodeIgniter\Config\Factories::get('config', 'Config\\Database')
 5 SYSTEMPATH/Database/Config.php(63): config('Config\\Database')
 6 SYSTEMPATH/Model.php(155): CodeIgniter\Database\Config::connect(null)
 7 APPPATH/Controllers/Users.php(11): CodeIgniter\Model->__construct()
 8 SYSTEMPATH/CodeIgniter.php(933): App\Controllers\Users->index()
 9 SYSTEMPATH/CodeIgniter.php(507): CodeIgniter\CodeIgniter->runController(Object(App\Controllers\Users))
10 SYSTEMPATH/CodeIgniter.php(354): CodeIgniter\CodeIgniter->handleRequest(null, Object(Config\Cache), false)
11 SYSTEMPATH/Boot.php(334): CodeIgniter\CodeIgniter->run()
12 SYSTEMPATH/Boot.php(67): CodeIgniter\Boot::runCodeIgniter(Object(CodeIgniter\CodeIgniter))
13 FCPATH/index.php(56): CodeIgniter\Boot::bootWeb(Object(Config\Paths))
14 SYSTEMPATH/rewrite.php(44): require_once('/var/www/html/empower-brgy/public/index.php')
DEBUG - 2025-04-21 04:52:08 --> Session: Class initialized using 'CodeIgniter\Session\Handlers\FileHandler' driver.
WARNING - 2025-04-21 04:52:08 --> [DEPRECATED] Creation of dynamic property Config\Database::$default is deprecated in APPPATH/Config/Database.php on line 33.
 1 SYSTEMPATH/Config/Factories.php(235): Config\Database->__construct()
 2 SYSTEMPATH/Config/Factories.php(169): CodeIgniter\Config\Factories::createInstance('config', 'Config\\Database', [])
 3 SYSTEMPATH/Config/Factories.php(188): CodeIgniter\Config\Factories::__callStatic('config', [])
 4 SYSTEMPATH/Common.php(210): CodeIgniter\Config\Factories::get('config', 'Config\\Database')
 5 SYSTEMPATH/Database/Config.php(63): config('Config\\Database')
 6 SYSTEMPATH/Model.php(155): CodeIgniter\Database\Config::connect(null)
 7 APPPATH/Controllers/Users.php(139): CodeIgniter\Model->__construct()
 8 SYSTEMPATH/CodeIgniter.php(933): App\Controllers\Users->fetchUsers()
 9 SYSTEMPATH/CodeIgniter.php(507): CodeIgniter\CodeIgniter->runController(Object(App\Controllers\Users))
10 SYSTEMPATH/CodeIgniter.php(354): CodeIgniter\CodeIgniter->handleRequest(null, Object(Config\Cache), false)
11 SYSTEMPATH/Boot.php(334): CodeIgniter\CodeIgniter->run()
12 SYSTEMPATH/Boot.php(67): CodeIgniter\Boot::runCodeIgniter(Object(CodeIgniter\CodeIgniter))
13 FCPATH/index.php(56): CodeIgniter\Boot::bootWeb(Object(Config\Paths))
14 SYSTEMPATH/rewrite.php(44): require_once('/var/www/html/empower-brgy/public/index.php')
WARNING - 2025-04-21 04:52:36 --> [DEPRECATED] Creation of dynamic property Config\Database::$default is deprecated in APPPATH/Config/Database.php on line 33.
 1 SYSTEMPATH/Config/Factories.php(235): Config\Database->__construct()
 2 SYSTEMPATH/Config/Factories.php(169): CodeIgniter\Config\Factories::createInstance('config', 'Config\\Database', [])
 3 SYSTEMPATH/Config/Factories.php(188): CodeIgniter\Config\Factories::__callStatic('config', [])
 4 SYSTEMPATH/Common.php(210): CodeIgniter\Config\Factories::get('config', 'Config\\Database')
 5 SYSTEMPATH/Database/Config.php(63): config('Config\\Database')
 6 SYSTEMPATH/Model.php(155): CodeIgniter\Database\Config::connect(null)
 7 APPPATH/Controllers/Users.php(111): CodeIgniter\Model->__construct()
 8 SYSTEMPATH/CodeIgniter.php(933): App\Controllers\Users->edit('1')
 9 SYSTEMPATH/CodeIgniter.php(507): CodeIgniter\CodeIgniter->runController(Object(App\Controllers\Users))
10 SYSTEMPATH/CodeIgniter.php(354): CodeIgniter\CodeIgniter->handleRequest(null, Object(Config\Cache), false)
11 SYSTEMPATH/Boot.php(334): CodeIgniter\CodeIgniter->run()
12 SYSTEMPATH/Boot.php(67): CodeIgniter\Boot::runCodeIgniter(Object(CodeIgniter\CodeIgniter))
13 FCPATH/index.php(56): CodeIgniter\Boot::bootWeb(Object(Config\Paths))
14 SYSTEMPATH/rewrite.php(44): require_once('/var/www/html/empower-brgy/public/index.php')
WARNING - 2025-04-21 04:59:08 --> [DEPRECATED] Creation of dynamic property Config\Database::$default is deprecated in APPPATH/Config/Database.php on line 33.
 1 SYSTEMPATH/Config/Factories.php(235): Config\Database->__construct()
 2 SYSTEMPATH/Config/Factories.php(169): CodeIgniter\Config\Factories::createInstance('config', 'Config\\Database', [])
 3 SYSTEMPATH/Config/Factories.php(188): CodeIgniter\Config\Factories::__callStatic('config', [])
 4 SYSTEMPATH/Common.php(210): CodeIgniter\Config\Factories::get('config', 'Config\\Database')
 5 SYSTEMPATH/Database/Config.php(63): config('Config\\Database')
 6 SYSTEMPATH/Model.php(155): CodeIgniter\Database\Config::connect(null)
 7 APPPATH/Controllers/Users.php(11): CodeIgniter\Model->__construct()
 8 SYSTEMPATH/CodeIgniter.php(933): App\Controllers\Users->index()
 9 SYSTEMPATH/CodeIgniter.php(507): CodeIgniter\CodeIgniter->runController(Object(App\Controllers\Users))
10 SYSTEMPATH/CodeIgniter.php(354): CodeIgniter\CodeIgniter->handleRequest(null, Object(Config\Cache), false)
11 SYSTEMPATH/Boot.php(334): CodeIgniter\CodeIgniter->run()
12 SYSTEMPATH/Boot.php(67): CodeIgniter\Boot::runCodeIgniter(Object(CodeIgniter\CodeIgniter))
13 FCPATH/index.php(56): CodeIgniter\Boot::bootWeb(Object(Config\Paths))
14 SYSTEMPATH/rewrite.php(44): require_once('/var/www/html/empower-brgy/public/index.php')
DEBUG - 2025-04-21 04:59:08 --> Session: Class initialized using 'CodeIgniter\Session\Handlers\FileHandler' driver.
WARNING - 2025-04-21 04:59:08 --> [DEPRECATED] Creation of dynamic property Config\Database::$default is deprecated in APPPATH/Config/Database.php on line 33.
 1 SYSTEMPATH/Config/Factories.php(235): Config\Database->__construct()
 2 SYSTEMPATH/Config/Factories.php(169): CodeIgniter\Config\Factories::createInstance('config', 'Config\\Database', [])
 3 SYSTEMPATH/Config/Factories.php(188): CodeIgniter\Config\Factories::__callStatic('config', [])
 4 SYSTEMPATH/Common.php(210): CodeIgniter\Config\Factories::get('config', 'Config\\Database')
 5 SYSTEMPATH/Database/Config.php(63): config('Config\\Database')
 6 SYSTEMPATH/Model.php(155): CodeIgniter\Database\Config::connect(null)
 7 APPPATH/Controllers/Users.php(139): CodeIgniter\Model->__construct()
 8 SYSTEMPATH/CodeIgniter.php(933): App\Controllers\Users->fetchUsers()
 9 SYSTEMPATH/CodeIgniter.php(507): CodeIgniter\CodeIgniter->runController(Object(App\Controllers\Users))
10 SYSTEMPATH/CodeIgniter.php(354): CodeIgniter\CodeIgniter->handleRequest(null, Object(Config\Cache), false)
11 SYSTEMPATH/Boot.php(334): CodeIgniter\CodeIgniter->run()
12 SYSTEMPATH/Boot.php(67): CodeIgniter\Boot::runCodeIgniter(Object(CodeIgniter\CodeIgniter))
13 FCPATH/index.php(56): CodeIgniter\Boot::bootWeb(Object(Config\Paths))
14 SYSTEMPATH/rewrite.php(44): require_once('/var/www/html/empower-brgy/public/index.php')
DEBUG - 2025-04-21 05:53:44 --> Session: Class initialized using 'CodeIgniter\Session\Handlers\FileHandler' driver.
WARNING - 2025-04-21 05:53:45 --> [DEPRECATED] Creation of dynamic property Config\Database::$default is deprecated in APPPATH/Config/Database.php on line 33.
 1 SYSTEMPATH/Config/Factories.php(235): Config\Database->__construct()
 2 SYSTEMPATH/Config/Factories.php(169): CodeIgniter\Config\Factories::createInstance('config', 'Config\\Database', [])
 3 SYSTEMPATH/Config/Factories.php(188): CodeIgniter\Config\Factories::__callStatic('config', [])
 4 SYSTEMPATH/Common.php(210): CodeIgniter\Config\Factories::get('config', 'Config\\Database')
 5 SYSTEMPATH/Database/Config.php(63): config('Config\\Database')
 6 SYSTEMPATH/Model.php(155): CodeIgniter\Database\Config::connect(null)
 7 APPPATH/Controllers/Users.php(11): CodeIgniter\Model->__construct()
 8 SYSTEMPATH/CodeIgniter.php(933): App\Controllers\Users->index()
 9 SYSTEMPATH/CodeIgniter.php(507): CodeIgniter\CodeIgniter->runController(Object(App\Controllers\Users))
10 SYSTEMPATH/CodeIgniter.php(354): CodeIgniter\CodeIgniter->handleRequest(null, Object(Config\Cache), false)
11 SYSTEMPATH/Boot.php(334): CodeIgniter\CodeIgniter->run()
12 SYSTEMPATH/Boot.php(67): CodeIgniter\Boot::runCodeIgniter(Object(CodeIgniter\CodeIgniter))
13 FCPATH/index.php(56): CodeIgniter\Boot::bootWeb(Object(Config\Paths))
14 SYSTEMPATH/rewrite.php(44): require_once('/var/www/html/empower-brgy/public/index.php')
DEBUG - 2025-04-21 05:53:45 --> Session: Class initialized using 'CodeIgniter\Session\Handlers\FileHandler' driver.
WARNING - 2025-04-21 05:53:45 --> [DEPRECATED] Creation of dynamic property Config\Database::$default is deprecated in APPPATH/Config/Database.php on line 33.
 1 SYSTEMPATH/Config/Factories.php(235): Config\Database->__construct()
 2 SYSTEMPATH/Config/Factories.php(169): CodeIgniter\Config\Factories::createInstance('config', 'Config\\Database', [])
 3 SYSTEMPATH/Config/Factories.php(188): CodeIgniter\Config\Factories::__callStatic('config', [])
 4 SYSTEMPATH/Common.php(210): CodeIgniter\Config\Factories::get('config', 'Config\\Database')
 5 SYSTEMPATH/Database/Config.php(63): config('Config\\Database')
 6 SYSTEMPATH/Model.php(155): CodeIgniter\Database\Config::connect(null)
 7 APPPATH/Controllers/Users.php(139): CodeIgniter\Model->__construct()
 8 SYSTEMPATH/CodeIgniter.php(933): App\Controllers\Users->fetchUsers()
 9 SYSTEMPATH/CodeIgniter.php(507): CodeIgniter\CodeIgniter->runController(Object(App\Controllers\Users))
10 SYSTEMPATH/CodeIgniter.php(354): CodeIgniter\CodeIgniter->handleRequest(null, Object(Config\Cache), false)
11 SYSTEMPATH/Boot.php(334): CodeIgniter\CodeIgniter->run()
12 SYSTEMPATH/Boot.php(67): CodeIgniter\Boot::runCodeIgniter(Object(CodeIgniter\CodeIgniter))
13 FCPATH/index.php(56): CodeIgniter\Boot::bootWeb(Object(Config\Paths))
14 SYSTEMPATH/rewrite.php(44): require_once('/var/www/html/empower-brgy/public/index.php')
