ERROR - 2025-04-15 12:14:07 --> Error connecting to the database: mysqli_sql_exception: No such file or directory in /var/www/html/empower-brgy/vendor/codeigniter4/framework/system/Database/MySQLi/Connection.php:201
Stack trace:
#0 /var/www/html/empower-brgy/vendor/codeigniter4/framework/system/Database/MySQLi/Connection.php(201): mysqli->real_connect()
#1 /var/www/html/empower-brgy/vendor/codeigniter4/framework/system/Database/BaseConnection.php(421): CodeIgniter\Database\MySQLi\Connection->connect()
#2 /var/www/html/empower-brgy/vendor/codeigniter4/framework/system/Database/BaseConnection.php(620): CodeIgniter\Database\BaseConnection->initialize()
#3 /var/www/html/empower-brgy/vendor/codeigniter4/framework/system/Database/BaseBuilder.php(1649): CodeIgniter\Database\BaseConnection->query()
#4 /var/www/html/empower-brgy/vendor/codeigniter4/framework/system/Model.php(330): CodeIgniter\Database\BaseBuilder->get()
#5 /var/www/html/empower-brgy/vendor/codeigniter4/framework/system/BaseModel.php(713): CodeIgniter\Model->doFirst()
#6 /var/www/html/empower-brgy/app/Controllers/Auth.php(60): CodeIgniter\BaseModel->first()
#7 /var/www/html/empower-brgy/vendor/codeigniter4/framework/system/CodeIgniter.php(933): App\Controllers\Auth->auth()
#8 /var/www/html/empower-brgy/vendor/codeigniter4/framework/system/CodeIgniter.php(507): CodeIgniter\CodeIgniter->runController()
#9 /var/www/html/empower-brgy/vendor/codeigniter4/framework/system/CodeIgniter.php(354): CodeIgniter\CodeIgniter->handleRequest()
#10 /var/www/html/empower-brgy/vendor/codeigniter4/framework/system/Boot.php(334): CodeIgniter\CodeIgniter->run()
#11 /var/www/html/empower-brgy/vendor/codeigniter4/framework/system/Boot.php(67): CodeIgniter\Boot::runCodeIgniter()
#12 /var/www/html/empower-brgy/public/index.php(56): CodeIgniter\Boot::bootWeb()
#13 /var/www/html/empower-brgy/vendor/codeigniter4/framework/system/rewrite.php(44): require_once('...')
#14 {main}

Next CodeIgniter\Database\Exceptions\DatabaseException: No such file or directory in /var/www/html/empower-brgy/vendor/codeigniter4/framework/system/Database/MySQLi/Connection.php:246
Stack trace:
#0 /var/www/html/empower-brgy/vendor/codeigniter4/framework/system/Database/BaseConnection.php(421): CodeIgniter\Database\MySQLi\Connection->connect()
#1 /var/www/html/empower-brgy/vendor/codeigniter4/framework/system/Database/BaseConnection.php(620): CodeIgniter\Database\BaseConnection->initialize()
#2 /var/www/html/empower-brgy/vendor/codeigniter4/framework/system/Database/BaseBuilder.php(1649): CodeIgniter\Database\BaseConnection->query()
#3 /var/www/html/empower-brgy/vendor/codeigniter4/framework/system/Model.php(330): CodeIgniter\Database\BaseBuilder->get()
#4 /var/www/html/empower-brgy/vendor/codeigniter4/framework/system/BaseModel.php(713): CodeIgniter\Model->doFirst()
#5 /var/www/html/empower-brgy/app/Controllers/Auth.php(60): CodeIgniter\BaseModel->first()
#6 /var/www/html/empower-brgy/vendor/codeigniter4/framework/system/CodeIgniter.php(933): App\Controllers\Auth->auth()
#7 /var/www/html/empower-brgy/vendor/codeigniter4/framework/system/CodeIgniter.php(507): CodeIgniter\CodeIgniter->runController()
#8 /var/www/html/empower-brgy/vendor/codeigniter4/framework/system/CodeIgniter.php(354): CodeIgniter\CodeIgniter->handleRequest()
#9 /var/www/html/empower-brgy/vendor/codeigniter4/framework/system/Boot.php(334): CodeIgniter\CodeIgniter->run()
#10 /var/www/html/empower-brgy/vendor/codeigniter4/framework/system/Boot.php(67): CodeIgniter\Boot::runCodeIgniter()
#11 /var/www/html/empower-brgy/public/index.php(56): CodeIgniter\Boot::bootWeb()
#12 /var/www/html/empower-brgy/vendor/codeigniter4/framework/system/rewrite.php(44): require_once('...')
#13 {main}
CRITICAL - 2025-04-15 12:14:07 --> CodeIgniter\Database\Exceptions\DatabaseException: Unable to connect to the database.
Main connection [MySQLi]: No such file or directory
[Method: POST, Route: auth]
in SYSTEMPATH/Database/BaseConnection.php on line 467.
 1 SYSTEMPATH/Database/BaseConnection.php(620): CodeIgniter\Database\BaseConnection->initialize()
 2 SYSTEMPATH/Database/BaseBuilder.php(1649): CodeIgniter\Database\BaseConnection->query()
 3 SYSTEMPATH/Model.php(330): CodeIgniter\Database\BaseBuilder->get()
 4 SYSTEMPATH/BaseModel.php(713): CodeIgniter\Model->doFirst()
 5 APPPATH/Controllers/Auth.php(60): CodeIgniter\BaseModel->first()
 6 SYSTEMPATH/CodeIgniter.php(933): App\Controllers\Auth->auth()
 7 SYSTEMPATH/CodeIgniter.php(507): CodeIgniter\CodeIgniter->runController()
 8 SYSTEMPATH/CodeIgniter.php(354): CodeIgniter\CodeIgniter->handleRequest()
 9 SYSTEMPATH/Boot.php(334): CodeIgniter\CodeIgniter->run()
10 SYSTEMPATH/Boot.php(67): CodeIgniter\Boot::runCodeIgniter()
11 FCPATH/index.php(56): CodeIgniter\Boot::bootWeb()
12 SYSTEMPATH/rewrite.php(44): require_once('/var/www/html/empower-brgy/public/index.php')
ERROR - 2025-04-15 12:14:17 --> Error connecting to the database: mysqli_sql_exception: No such file or directory in /var/www/html/empower-brgy/vendor/codeigniter4/framework/system/Database/MySQLi/Connection.php:201
Stack trace:
#0 /var/www/html/empower-brgy/vendor/codeigniter4/framework/system/Database/MySQLi/Connection.php(201): mysqli->real_connect()
#1 /var/www/html/empower-brgy/vendor/codeigniter4/framework/system/Database/BaseConnection.php(421): CodeIgniter\Database\MySQLi\Connection->connect()
#2 /var/www/html/empower-brgy/vendor/codeigniter4/framework/system/Database/BaseConnection.php(620): CodeIgniter\Database\BaseConnection->initialize()
#3 /var/www/html/empower-brgy/vendor/codeigniter4/framework/system/Database/BaseBuilder.php(1649): CodeIgniter\Database\BaseConnection->query()
#4 /var/www/html/empower-brgy/vendor/codeigniter4/framework/system/Model.php(330): CodeIgniter\Database\BaseBuilder->get()
#5 /var/www/html/empower-brgy/vendor/codeigniter4/framework/system/BaseModel.php(713): CodeIgniter\Model->doFirst()
#6 /var/www/html/empower-brgy/app/Controllers/Auth.php(60): CodeIgniter\BaseModel->first()
#7 /var/www/html/empower-brgy/vendor/codeigniter4/framework/system/CodeIgniter.php(933): App\Controllers\Auth->auth()
#8 /var/www/html/empower-brgy/vendor/codeigniter4/framework/system/CodeIgniter.php(507): CodeIgniter\CodeIgniter->runController()
#9 /var/www/html/empower-brgy/vendor/codeigniter4/framework/system/CodeIgniter.php(354): CodeIgniter\CodeIgniter->handleRequest()
#10 /var/www/html/empower-brgy/vendor/codeigniter4/framework/system/Boot.php(334): CodeIgniter\CodeIgniter->run()
#11 /var/www/html/empower-brgy/vendor/codeigniter4/framework/system/Boot.php(67): CodeIgniter\Boot::runCodeIgniter()
#12 /var/www/html/empower-brgy/public/index.php(56): CodeIgniter\Boot::bootWeb()
#13 /var/www/html/empower-brgy/vendor/codeigniter4/framework/system/rewrite.php(44): require_once('...')
#14 {main}

Next CodeIgniter\Database\Exceptions\DatabaseException: No such file or directory in /var/www/html/empower-brgy/vendor/codeigniter4/framework/system/Database/MySQLi/Connection.php:246
Stack trace:
#0 /var/www/html/empower-brgy/vendor/codeigniter4/framework/system/Database/BaseConnection.php(421): CodeIgniter\Database\MySQLi\Connection->connect()
#1 /var/www/html/empower-brgy/vendor/codeigniter4/framework/system/Database/BaseConnection.php(620): CodeIgniter\Database\BaseConnection->initialize()
#2 /var/www/html/empower-brgy/vendor/codeigniter4/framework/system/Database/BaseBuilder.php(1649): CodeIgniter\Database\BaseConnection->query()
#3 /var/www/html/empower-brgy/vendor/codeigniter4/framework/system/Model.php(330): CodeIgniter\Database\BaseBuilder->get()
#4 /var/www/html/empower-brgy/vendor/codeigniter4/framework/system/BaseModel.php(713): CodeIgniter\Model->doFirst()
#5 /var/www/html/empower-brgy/app/Controllers/Auth.php(60): CodeIgniter\BaseModel->first()
#6 /var/www/html/empower-brgy/vendor/codeigniter4/framework/system/CodeIgniter.php(933): App\Controllers\Auth->auth()
#7 /var/www/html/empower-brgy/vendor/codeigniter4/framework/system/CodeIgniter.php(507): CodeIgniter\CodeIgniter->runController()
#8 /var/www/html/empower-brgy/vendor/codeigniter4/framework/system/CodeIgniter.php(354): CodeIgniter\CodeIgniter->handleRequest()
#9 /var/www/html/empower-brgy/vendor/codeigniter4/framework/system/Boot.php(334): CodeIgniter\CodeIgniter->run()
#10 /var/www/html/empower-brgy/vendor/codeigniter4/framework/system/Boot.php(67): CodeIgniter\Boot::runCodeIgniter()
#11 /var/www/html/empower-brgy/public/index.php(56): CodeIgniter\Boot::bootWeb()
#12 /var/www/html/empower-brgy/vendor/codeigniter4/framework/system/rewrite.php(44): require_once('...')
#13 {main}
CRITICAL - 2025-04-15 12:14:17 --> CodeIgniter\Database\Exceptions\DatabaseException: Unable to connect to the database.
Main connection [MySQLi]: No such file or directory
[Method: POST, Route: auth]
in SYSTEMPATH/Database/BaseConnection.php on line 467.
 1 SYSTEMPATH/Database/BaseConnection.php(620): CodeIgniter\Database\BaseConnection->initialize()
 2 SYSTEMPATH/Database/BaseBuilder.php(1649): CodeIgniter\Database\BaseConnection->query()
 3 SYSTEMPATH/Model.php(330): CodeIgniter\Database\BaseBuilder->get()
 4 SYSTEMPATH/BaseModel.php(713): CodeIgniter\Model->doFirst()
 5 APPPATH/Controllers/Auth.php(60): CodeIgniter\BaseModel->first()
 6 SYSTEMPATH/CodeIgniter.php(933): App\Controllers\Auth->auth()
 7 SYSTEMPATH/CodeIgniter.php(507): CodeIgniter\CodeIgniter->runController()
 8 SYSTEMPATH/CodeIgniter.php(354): CodeIgniter\CodeIgniter->handleRequest()
 9 SYSTEMPATH/Boot.php(334): CodeIgniter\CodeIgniter->run()
10 SYSTEMPATH/Boot.php(67): CodeIgniter\Boot::runCodeIgniter()
11 FCPATH/index.php(56): CodeIgniter\Boot::bootWeb()
12 SYSTEMPATH/rewrite.php(44): require_once('/var/www/html/empower-brgy/public/index.php')
ERROR - 2025-04-15 12:15:19 --> Error connecting to the database: mysqli_sql_exception: No such file or directory in /var/www/html/empower-brgy/vendor/codeigniter4/framework/system/Database/MySQLi/Connection.php:201
Stack trace:
#0 /var/www/html/empower-brgy/vendor/codeigniter4/framework/system/Database/MySQLi/Connection.php(201): mysqli->real_connect()
#1 /var/www/html/empower-brgy/vendor/codeigniter4/framework/system/Database/BaseConnection.php(421): CodeIgniter\Database\MySQLi\Connection->connect()
#2 /var/www/html/empower-brgy/vendor/codeigniter4/framework/system/Database/BaseConnection.php(620): CodeIgniter\Database\BaseConnection->initialize()
#3 /var/www/html/empower-brgy/vendor/codeigniter4/framework/system/Database/BaseBuilder.php(1649): CodeIgniter\Database\BaseConnection->query()
#4 /var/www/html/empower-brgy/vendor/codeigniter4/framework/system/Model.php(330): CodeIgniter\Database\BaseBuilder->get()
#5 /var/www/html/empower-brgy/vendor/codeigniter4/framework/system/BaseModel.php(713): CodeIgniter\Model->doFirst()
#6 /var/www/html/empower-brgy/app/Controllers/Auth.php(60): CodeIgniter\BaseModel->first()
#7 /var/www/html/empower-brgy/vendor/codeigniter4/framework/system/CodeIgniter.php(933): App\Controllers\Auth->auth()
#8 /var/www/html/empower-brgy/vendor/codeigniter4/framework/system/CodeIgniter.php(507): CodeIgniter\CodeIgniter->runController()
#9 /var/www/html/empower-brgy/vendor/codeigniter4/framework/system/CodeIgniter.php(354): CodeIgniter\CodeIgniter->handleRequest()
#10 /var/www/html/empower-brgy/vendor/codeigniter4/framework/system/Boot.php(334): CodeIgniter\CodeIgniter->run()
#11 /var/www/html/empower-brgy/vendor/codeigniter4/framework/system/Boot.php(67): CodeIgniter\Boot::runCodeIgniter()
#12 /var/www/html/empower-brgy/public/index.php(56): CodeIgniter\Boot::bootWeb()
#13 /var/www/html/empower-brgy/vendor/codeigniter4/framework/system/rewrite.php(44): require_once('...')
#14 {main}

Next CodeIgniter\Database\Exceptions\DatabaseException: No such file or directory in /var/www/html/empower-brgy/vendor/codeigniter4/framework/system/Database/MySQLi/Connection.php:246
Stack trace:
#0 /var/www/html/empower-brgy/vendor/codeigniter4/framework/system/Database/BaseConnection.php(421): CodeIgniter\Database\MySQLi\Connection->connect()
#1 /var/www/html/empower-brgy/vendor/codeigniter4/framework/system/Database/BaseConnection.php(620): CodeIgniter\Database\BaseConnection->initialize()
#2 /var/www/html/empower-brgy/vendor/codeigniter4/framework/system/Database/BaseBuilder.php(1649): CodeIgniter\Database\BaseConnection->query()
#3 /var/www/html/empower-brgy/vendor/codeigniter4/framework/system/Model.php(330): CodeIgniter\Database\BaseBuilder->get()
#4 /var/www/html/empower-brgy/vendor/codeigniter4/framework/system/BaseModel.php(713): CodeIgniter\Model->doFirst()
#5 /var/www/html/empower-brgy/app/Controllers/Auth.php(60): CodeIgniter\BaseModel->first()
#6 /var/www/html/empower-brgy/vendor/codeigniter4/framework/system/CodeIgniter.php(933): App\Controllers\Auth->auth()
#7 /var/www/html/empower-brgy/vendor/codeigniter4/framework/system/CodeIgniter.php(507): CodeIgniter\CodeIgniter->runController()
#8 /var/www/html/empower-brgy/vendor/codeigniter4/framework/system/CodeIgniter.php(354): CodeIgniter\CodeIgniter->handleRequest()
#9 /var/www/html/empower-brgy/vendor/codeigniter4/framework/system/Boot.php(334): CodeIgniter\CodeIgniter->run()
#10 /var/www/html/empower-brgy/vendor/codeigniter4/framework/system/Boot.php(67): CodeIgniter\Boot::runCodeIgniter()
#11 /var/www/html/empower-brgy/public/index.php(56): CodeIgniter\Boot::bootWeb()
#12 /var/www/html/empower-brgy/vendor/codeigniter4/framework/system/rewrite.php(44): require_once('...')
#13 {main}
CRITICAL - 2025-04-15 12:15:19 --> CodeIgniter\Database\Exceptions\DatabaseException: Unable to connect to the database.
Main connection [MySQLi]: No such file or directory
[Method: POST, Route: auth]
in SYSTEMPATH/Database/BaseConnection.php on line 467.
 1 SYSTEMPATH/Database/BaseConnection.php(620): CodeIgniter\Database\BaseConnection->initialize()
 2 SYSTEMPATH/Database/BaseBuilder.php(1649): CodeIgniter\Database\BaseConnection->query()
 3 SYSTEMPATH/Model.php(330): CodeIgniter\Database\BaseBuilder->get()
 4 SYSTEMPATH/BaseModel.php(713): CodeIgniter\Model->doFirst()
 5 APPPATH/Controllers/Auth.php(60): CodeIgniter\BaseModel->first()
 6 SYSTEMPATH/CodeIgniter.php(933): App\Controllers\Auth->auth()
 7 SYSTEMPATH/CodeIgniter.php(507): CodeIgniter\CodeIgniter->runController()
 8 SYSTEMPATH/CodeIgniter.php(354): CodeIgniter\CodeIgniter->handleRequest()
 9 SYSTEMPATH/Boot.php(334): CodeIgniter\CodeIgniter->run()
10 SYSTEMPATH/Boot.php(67): CodeIgniter\Boot::runCodeIgniter()
11 FCPATH/index.php(56): CodeIgniter\Boot::bootWeb()
12 SYSTEMPATH/rewrite.php(44): require_once('/var/www/html/empower-brgy/public/index.php')
ERROR - 2025-04-15 12:16:57 --> Error connecting to the database: mysqli_sql_exception: No such file or directory in /var/www/html/empower-brgy/vendor/codeigniter4/framework/system/Database/MySQLi/Connection.php:201
Stack trace:
#0 /var/www/html/empower-brgy/vendor/codeigniter4/framework/system/Database/MySQLi/Connection.php(201): mysqli->real_connect()
#1 /var/www/html/empower-brgy/vendor/codeigniter4/framework/system/Database/BaseConnection.php(421): CodeIgniter\Database\MySQLi\Connection->connect()
#2 /var/www/html/empower-brgy/vendor/codeigniter4/framework/system/Database/BaseConnection.php(620): CodeIgniter\Database\BaseConnection->initialize()
#3 /var/www/html/empower-brgy/vendor/codeigniter4/framework/system/Database/BaseBuilder.php(1649): CodeIgniter\Database\BaseConnection->query()
#4 /var/www/html/empower-brgy/vendor/codeigniter4/framework/system/Model.php(330): CodeIgniter\Database\BaseBuilder->get()
#5 /var/www/html/empower-brgy/vendor/codeigniter4/framework/system/BaseModel.php(713): CodeIgniter\Model->doFirst()
#6 /var/www/html/empower-brgy/app/Controllers/Auth.php(60): CodeIgniter\BaseModel->first()
#7 /var/www/html/empower-brgy/vendor/codeigniter4/framework/system/CodeIgniter.php(933): App\Controllers\Auth->auth()
#8 /var/www/html/empower-brgy/vendor/codeigniter4/framework/system/CodeIgniter.php(507): CodeIgniter\CodeIgniter->runController()
#9 /var/www/html/empower-brgy/vendor/codeigniter4/framework/system/CodeIgniter.php(354): CodeIgniter\CodeIgniter->handleRequest()
#10 /var/www/html/empower-brgy/vendor/codeigniter4/framework/system/Boot.php(334): CodeIgniter\CodeIgniter->run()
#11 /var/www/html/empower-brgy/vendor/codeigniter4/framework/system/Boot.php(67): CodeIgniter\Boot::runCodeIgniter()
#12 /var/www/html/empower-brgy/public/index.php(56): CodeIgniter\Boot::bootWeb()
#13 /var/www/html/empower-brgy/vendor/codeigniter4/framework/system/rewrite.php(44): require_once('...')
#14 {main}

Next CodeIgniter\Database\Exceptions\DatabaseException: No such file or directory in /var/www/html/empower-brgy/vendor/codeigniter4/framework/system/Database/MySQLi/Connection.php:246
Stack trace:
#0 /var/www/html/empower-brgy/vendor/codeigniter4/framework/system/Database/BaseConnection.php(421): CodeIgniter\Database\MySQLi\Connection->connect()
#1 /var/www/html/empower-brgy/vendor/codeigniter4/framework/system/Database/BaseConnection.php(620): CodeIgniter\Database\BaseConnection->initialize()
#2 /var/www/html/empower-brgy/vendor/codeigniter4/framework/system/Database/BaseBuilder.php(1649): CodeIgniter\Database\BaseConnection->query()
#3 /var/www/html/empower-brgy/vendor/codeigniter4/framework/system/Model.php(330): CodeIgniter\Database\BaseBuilder->get()
#4 /var/www/html/empower-brgy/vendor/codeigniter4/framework/system/BaseModel.php(713): CodeIgniter\Model->doFirst()
#5 /var/www/html/empower-brgy/app/Controllers/Auth.php(60): CodeIgniter\BaseModel->first()
#6 /var/www/html/empower-brgy/vendor/codeigniter4/framework/system/CodeIgniter.php(933): App\Controllers\Auth->auth()
#7 /var/www/html/empower-brgy/vendor/codeigniter4/framework/system/CodeIgniter.php(507): CodeIgniter\CodeIgniter->runController()
#8 /var/www/html/empower-brgy/vendor/codeigniter4/framework/system/CodeIgniter.php(354): CodeIgniter\CodeIgniter->handleRequest()
#9 /var/www/html/empower-brgy/vendor/codeigniter4/framework/system/Boot.php(334): CodeIgniter\CodeIgniter->run()
#10 /var/www/html/empower-brgy/vendor/codeigniter4/framework/system/Boot.php(67): CodeIgniter\Boot::runCodeIgniter()
#11 /var/www/html/empower-brgy/public/index.php(56): CodeIgniter\Boot::bootWeb()
#12 /var/www/html/empower-brgy/vendor/codeigniter4/framework/system/rewrite.php(44): require_once('...')
#13 {main}
CRITICAL - 2025-04-15 12:16:57 --> CodeIgniter\Database\Exceptions\DatabaseException: Unable to connect to the database.
Main connection [MySQLi]: No such file or directory
[Method: POST, Route: auth]
in SYSTEMPATH/Database/BaseConnection.php on line 467.
 1 SYSTEMPATH/Database/BaseConnection.php(620): CodeIgniter\Database\BaseConnection->initialize()
 2 SYSTEMPATH/Database/BaseBuilder.php(1649): CodeIgniter\Database\BaseConnection->query()
 3 SYSTEMPATH/Model.php(330): CodeIgniter\Database\BaseBuilder->get()
 4 SYSTEMPATH/BaseModel.php(713): CodeIgniter\Model->doFirst()
 5 APPPATH/Controllers/Auth.php(60): CodeIgniter\BaseModel->first()
 6 SYSTEMPATH/CodeIgniter.php(933): App\Controllers\Auth->auth()
 7 SYSTEMPATH/CodeIgniter.php(507): CodeIgniter\CodeIgniter->runController()
 8 SYSTEMPATH/CodeIgniter.php(354): CodeIgniter\CodeIgniter->handleRequest()
 9 SYSTEMPATH/Boot.php(334): CodeIgniter\CodeIgniter->run()
10 SYSTEMPATH/Boot.php(67): CodeIgniter\Boot::runCodeIgniter()
11 FCPATH/index.php(56): CodeIgniter\Boot::bootWeb()
12 SYSTEMPATH/rewrite.php(44): require_once('/var/www/html/empower-brgy/public/index.php')
ERROR - 2025-04-15 12:18:11 --> Error connecting to the database: mysqli_sql_exception: No such file or directory in /var/www/html/empower-brgy/vendor/codeigniter4/framework/system/Database/MySQLi/Connection.php:201
Stack trace:
#0 /var/www/html/empower-brgy/vendor/codeigniter4/framework/system/Database/MySQLi/Connection.php(201): mysqli->real_connect()
#1 /var/www/html/empower-brgy/vendor/codeigniter4/framework/system/Database/BaseConnection.php(421): CodeIgniter\Database\MySQLi\Connection->connect()
#2 /var/www/html/empower-brgy/vendor/codeigniter4/framework/system/Database/BaseConnection.php(620): CodeIgniter\Database\BaseConnection->initialize()
#3 /var/www/html/empower-brgy/vendor/codeigniter4/framework/system/Database/BaseBuilder.php(1649): CodeIgniter\Database\BaseConnection->query()
#4 /var/www/html/empower-brgy/vendor/codeigniter4/framework/system/Model.php(330): CodeIgniter\Database\BaseBuilder->get()
#5 /var/www/html/empower-brgy/vendor/codeigniter4/framework/system/BaseModel.php(713): CodeIgniter\Model->doFirst()
#6 /var/www/html/empower-brgy/app/Controllers/Auth.php(60): CodeIgniter\BaseModel->first()
#7 /var/www/html/empower-brgy/vendor/codeigniter4/framework/system/CodeIgniter.php(933): App\Controllers\Auth->auth()
#8 /var/www/html/empower-brgy/vendor/codeigniter4/framework/system/CodeIgniter.php(507): CodeIgniter\CodeIgniter->runController()
#9 /var/www/html/empower-brgy/vendor/codeigniter4/framework/system/CodeIgniter.php(354): CodeIgniter\CodeIgniter->handleRequest()
#10 /var/www/html/empower-brgy/vendor/codeigniter4/framework/system/Boot.php(334): CodeIgniter\CodeIgniter->run()
#11 /var/www/html/empower-brgy/vendor/codeigniter4/framework/system/Boot.php(67): CodeIgniter\Boot::runCodeIgniter()
#12 /var/www/html/empower-brgy/public/index.php(56): CodeIgniter\Boot::bootWeb()
#13 /var/www/html/empower-brgy/vendor/codeigniter4/framework/system/rewrite.php(44): require_once('...')
#14 {main}

Next CodeIgniter\Database\Exceptions\DatabaseException: No such file or directory in /var/www/html/empower-brgy/vendor/codeigniter4/framework/system/Database/MySQLi/Connection.php:246
Stack trace:
#0 /var/www/html/empower-brgy/vendor/codeigniter4/framework/system/Database/BaseConnection.php(421): CodeIgniter\Database\MySQLi\Connection->connect()
#1 /var/www/html/empower-brgy/vendor/codeigniter4/framework/system/Database/BaseConnection.php(620): CodeIgniter\Database\BaseConnection->initialize()
#2 /var/www/html/empower-brgy/vendor/codeigniter4/framework/system/Database/BaseBuilder.php(1649): CodeIgniter\Database\BaseConnection->query()
#3 /var/www/html/empower-brgy/vendor/codeigniter4/framework/system/Model.php(330): CodeIgniter\Database\BaseBuilder->get()
#4 /var/www/html/empower-brgy/vendor/codeigniter4/framework/system/BaseModel.php(713): CodeIgniter\Model->doFirst()
#5 /var/www/html/empower-brgy/app/Controllers/Auth.php(60): CodeIgniter\BaseModel->first()
#6 /var/www/html/empower-brgy/vendor/codeigniter4/framework/system/CodeIgniter.php(933): App\Controllers\Auth->auth()
#7 /var/www/html/empower-brgy/vendor/codeigniter4/framework/system/CodeIgniter.php(507): CodeIgniter\CodeIgniter->runController()
#8 /var/www/html/empower-brgy/vendor/codeigniter4/framework/system/CodeIgniter.php(354): CodeIgniter\CodeIgniter->handleRequest()
#9 /var/www/html/empower-brgy/vendor/codeigniter4/framework/system/Boot.php(334): CodeIgniter\CodeIgniter->run()
#10 /var/www/html/empower-brgy/vendor/codeigniter4/framework/system/Boot.php(67): CodeIgniter\Boot::runCodeIgniter()
#11 /var/www/html/empower-brgy/public/index.php(56): CodeIgniter\Boot::bootWeb()
#12 /var/www/html/empower-brgy/vendor/codeigniter4/framework/system/rewrite.php(44): require_once('...')
#13 {main}
CRITICAL - 2025-04-15 12:18:11 --> CodeIgniter\Database\Exceptions\DatabaseException: Unable to connect to the database.
Main connection [MySQLi]: No such file or directory
[Method: POST, Route: auth]
in SYSTEMPATH/Database/BaseConnection.php on line 467.
 1 SYSTEMPATH/Database/BaseConnection.php(620): CodeIgniter\Database\BaseConnection->initialize()
 2 SYSTEMPATH/Database/BaseBuilder.php(1649): CodeIgniter\Database\BaseConnection->query()
 3 SYSTEMPATH/Model.php(330): CodeIgniter\Database\BaseBuilder->get()
 4 SYSTEMPATH/BaseModel.php(713): CodeIgniter\Model->doFirst()
 5 APPPATH/Controllers/Auth.php(60): CodeIgniter\BaseModel->first()
 6 SYSTEMPATH/CodeIgniter.php(933): App\Controllers\Auth->auth()
 7 SYSTEMPATH/CodeIgniter.php(507): CodeIgniter\CodeIgniter->runController()
 8 SYSTEMPATH/CodeIgniter.php(354): CodeIgniter\CodeIgniter->handleRequest()
 9 SYSTEMPATH/Boot.php(334): CodeIgniter\CodeIgniter->run()
10 SYSTEMPATH/Boot.php(67): CodeIgniter\Boot::runCodeIgniter()
11 FCPATH/index.php(56): CodeIgniter\Boot::bootWeb()
12 SYSTEMPATH/rewrite.php(44): require_once('/var/www/html/empower-brgy/public/index.php')
