ERROR - 2025-04-10 02:12:44 --> mysqli_sql_exception: Unknown column 'updated_at' in 'field list' in /var/www/html/empower-brgy/vendor/codeigniter4/framework/system/Database/MySQLi/Connection.php:327
Stack trace:
#0 /var/www/html/empower-brgy/vendor/codeigniter4/framework/system/Database/MySQLi/Connection.php(327): mysqli->query()
#1 /var/www/html/empower-brgy/vendor/codeigniter4/framework/system/Database/BaseConnection.php(738): CodeIgniter\Database\MySQLi\Connection->execute()
#2 /var/www/html/empower-brgy/vendor/codeigniter4/framework/system/Database/BaseConnection.php(652): CodeIgniter\Database\BaseConnection->simpleQuery()
#3 /var/www/html/empower-brgy/vendor/codeigniter4/framework/system/Database/BaseBuilder.php(2345): CodeIgniter\Database\BaseConnection->query()
#4 /var/www/html/empower-brgy/vendor/codeigniter4/framework/system/Model.php(394): CodeIgniter\Database\BaseBuilder->insert()
#5 /var/www/html/empower-brgy/vendor/codeigniter4/framework/system/BaseModel.php(839): CodeIgniter\Model->doInsert()
#6 /var/www/html/empower-brgy/vendor/codeigniter4/framework/system/Model.php(800): CodeIgniter\BaseModel->insert()
#7 /var/www/html/empower-brgy/vendor/codeigniter4/framework/system/BaseModel.php(750): CodeIgniter\Model->insert()
#8 /var/www/html/empower-brgy/app/Models/UserModel.php(24): CodeIgniter\BaseModel->save()
#9 /var/www/html/empower-brgy/app/Controllers/Auth.php(54): App\Models\UserModel->registerUser()
#10 /var/www/html/empower-brgy/vendor/codeigniter4/framework/system/CodeIgniter.php(933): App\Controllers\Auth->registerPost()
#11 /var/www/html/empower-brgy/vendor/codeigniter4/framework/system/CodeIgniter.php(507): CodeIgniter\CodeIgniter->runController()
#12 /var/www/html/empower-brgy/vendor/codeigniter4/framework/system/CodeIgniter.php(354): CodeIgniter\CodeIgniter->handleRequest()
#13 /var/www/html/empower-brgy/vendor/codeigniter4/framework/system/Boot.php(334): CodeIgniter\CodeIgniter->run()
#14 /var/www/html/empower-brgy/vendor/codeigniter4/framework/system/Boot.php(67): CodeIgniter\Boot::runCodeIgniter()
#15 /var/www/html/empower-brgy/public/index.php(56): CodeIgniter\Boot::bootWeb()
#16 /var/www/html/empower-brgy/vendor/codeigniter4/framework/system/rewrite.php(44): require_once('...')
#17 {main}
CRITICAL - 2025-04-10 02:12:44 --> CodeIgniter\Database\Exceptions\DatabaseException: Unknown column 'updated_at' in 'field list'
[Method: POST, Route: register-post]
in SYSTEMPATH/Database/BaseConnection.php on line 692.
 1 SYSTEMPATH/Database/BaseBuilder.php(2345): CodeIgniter\Database\BaseConnection->query()
 2 SYSTEMPATH/Model.php(394): CodeIgniter\Database\BaseBuilder->insert()
 3 SYSTEMPATH/BaseModel.php(839): CodeIgniter\Model->doInsert()
 4 SYSTEMPATH/Model.php(800): CodeIgniter\BaseModel->insert()
 5 SYSTEMPATH/BaseModel.php(750): CodeIgniter\Model->insert()
 6 APPPATH/Models/UserModel.php(24): CodeIgniter\BaseModel->save()
 7 APPPATH/Controllers/Auth.php(54): App\Models\UserModel->registerUser()
 8 SYSTEMPATH/CodeIgniter.php(933): App\Controllers\Auth->registerPost()
 9 SYSTEMPATH/CodeIgniter.php(507): CodeIgniter\CodeIgniter->runController()
10 SYSTEMPATH/CodeIgniter.php(354): CodeIgniter\CodeIgniter->handleRequest()
11 SYSTEMPATH/Boot.php(334): CodeIgniter\CodeIgniter->run()
12 SYSTEMPATH/Boot.php(67): CodeIgniter\Boot::runCodeIgniter()
13 FCPATH/index.php(56): CodeIgniter\Boot::bootWeb()
14 SYSTEMPATH/rewrite.php(44): require_once('/var/www/html/empower-brgy/public/index.php')
CRITICAL - 2025-04-10 02:12:44 --> [Caused by] CodeIgniter\Database\Exceptions\DatabaseException: Unknown column 'updated_at' in 'field list'
in SYSTEMPATH/Database/MySQLi/Connection.php on line 332.
 1 SYSTEMPATH/Database/BaseConnection.php(738): CodeIgniter\Database\MySQLi\Connection->execute()
 2 SYSTEMPATH/Database/BaseConnection.php(652): CodeIgniter\Database\BaseConnection->simpleQuery()
 3 SYSTEMPATH/Database/BaseBuilder.php(2345): CodeIgniter\Database\BaseConnection->query()
 4 SYSTEMPATH/Model.php(394): CodeIgniter\Database\BaseBuilder->insert()
 5 SYSTEMPATH/BaseModel.php(839): CodeIgniter\Model->doInsert()
 6 SYSTEMPATH/Model.php(800): CodeIgniter\BaseModel->insert()
 7 SYSTEMPATH/BaseModel.php(750): CodeIgniter\Model->insert()
 8 APPPATH/Models/UserModel.php(24): CodeIgniter\BaseModel->save()
 9 APPPATH/Controllers/Auth.php(54): App\Models\UserModel->registerUser()
10 SYSTEMPATH/CodeIgniter.php(933): App\Controllers\Auth->registerPost()
11 SYSTEMPATH/CodeIgniter.php(507): CodeIgniter\CodeIgniter->runController()
12 SYSTEMPATH/CodeIgniter.php(354): CodeIgniter\CodeIgniter->handleRequest()
13 SYSTEMPATH/Boot.php(334): CodeIgniter\CodeIgniter->run()
14 SYSTEMPATH/Boot.php(67): CodeIgniter\Boot::runCodeIgniter()
15 FCPATH/index.php(56): CodeIgniter\Boot::bootWeb()
16 SYSTEMPATH/rewrite.php(44): require_once('/var/www/html/empower-brgy/public/index.php')
CRITICAL - 2025-04-10 02:12:44 --> [Caused by] mysqli_sql_exception: Unknown column 'updated_at' in 'field list'
in SYSTEMPATH/Database/MySQLi/Connection.php on line 327.
 1 SYSTEMPATH/Database/MySQLi/Connection.php(327): mysqli->query()
 2 SYSTEMPATH/Database/BaseConnection.php(738): CodeIgniter\Database\MySQLi\Connection->execute()
 3 SYSTEMPATH/Database/BaseConnection.php(652): CodeIgniter\Database\BaseConnection->simpleQuery()
 4 SYSTEMPATH/Database/BaseBuilder.php(2345): CodeIgniter\Database\BaseConnection->query()
 5 SYSTEMPATH/Model.php(394): CodeIgniter\Database\BaseBuilder->insert()
 6 SYSTEMPATH/BaseModel.php(839): CodeIgniter\Model->doInsert()
 7 SYSTEMPATH/Model.php(800): CodeIgniter\BaseModel->insert()
 8 SYSTEMPATH/BaseModel.php(750): CodeIgniter\Model->insert()
 9 APPPATH/Models/UserModel.php(24): CodeIgniter\BaseModel->save()
10 APPPATH/Controllers/Auth.php(54): App\Models\UserModel->registerUser()
11 SYSTEMPATH/CodeIgniter.php(933): App\Controllers\Auth->registerPost()
12 SYSTEMPATH/CodeIgniter.php(507): CodeIgniter\CodeIgniter->runController()
13 SYSTEMPATH/CodeIgniter.php(354): CodeIgniter\CodeIgniter->handleRequest()
14 SYSTEMPATH/Boot.php(334): CodeIgniter\CodeIgniter->run()
15 SYSTEMPATH/Boot.php(67): CodeIgniter\Boot::runCodeIgniter()
16 FCPATH/index.php(56): CodeIgniter\Boot::bootWeb()
17 SYSTEMPATH/rewrite.php(44): require_once('/var/www/html/empower-brgy/public/index.php')
CRITICAL - 2025-04-10 02:36:45 --> CodeIgniter\View\Exceptions\ViewException: Invalid file: "dashboard.php"
[Method: GET, Route: dashboard]
in SYSTEMPATH/Exceptions/FrameworkException.php on line 39.
 1 SYSTEMPATH/View/View.php(212): CodeIgniter\Exceptions\FrameworkException::forInvalidFile()
 2 SYSTEMPATH/Common.php(1173): CodeIgniter\View\View->render()
 3 APPPATH/Controllers/Dashboard.php(13): view()
 4 SYSTEMPATH/CodeIgniter.php(933): App\Controllers\Dashboard->index()
 5 SYSTEMPATH/CodeIgniter.php(507): CodeIgniter\CodeIgniter->runController()
 6 SYSTEMPATH/CodeIgniter.php(354): CodeIgniter\CodeIgniter->handleRequest()
 7 SYSTEMPATH/Boot.php(334): CodeIgniter\CodeIgniter->run()
 8 SYSTEMPATH/Boot.php(67): CodeIgniter\Boot::runCodeIgniter()
 9 FCPATH/index.php(56): CodeIgniter\Boot::bootWeb()
10 SYSTEMPATH/rewrite.php(44): require_once('/var/www/html/empower-brgy/public/index.php')
CRITICAL - 2025-04-10 02:37:02 --> CodeIgniter\View\Exceptions\ViewException: Invalid file: "dashboard.php"
[Method: GET, Route: dashboard]
in SYSTEMPATH/Exceptions/FrameworkException.php on line 39.
 1 SYSTEMPATH/View/View.php(212): CodeIgniter\Exceptions\FrameworkException::forInvalidFile()
 2 SYSTEMPATH/Common.php(1173): CodeIgniter\View\View->render()
 3 APPPATH/Controllers/Dashboard.php(13): view()
 4 SYSTEMPATH/CodeIgniter.php(933): App\Controllers\Dashboard->index()
 5 SYSTEMPATH/CodeIgniter.php(507): CodeIgniter\CodeIgniter->runController()
 6 SYSTEMPATH/CodeIgniter.php(354): CodeIgniter\CodeIgniter->handleRequest()
 7 SYSTEMPATH/Boot.php(334): CodeIgniter\CodeIgniter->run()
 8 SYSTEMPATH/Boot.php(67): CodeIgniter\Boot::runCodeIgniter()
 9 FCPATH/index.php(56): CodeIgniter\Boot::bootWeb()
10 SYSTEMPATH/rewrite.php(44): require_once('/var/www/html/empower-brgy/public/index.php')
